2023/06/16 12:43:25 - mmengine - INFO - 
------------------------------------------------------------
System environment:
    sys.platform: linux
    Python: 3.10.12 (main, Jun  7 2023, 12:45:35) [GCC 9.4.0]
    CUDA available: True
    numpy_random_seed: 158527773
    GPU 0: Tesla T4
    CUDA_HOME: /usr/local/cuda
    NVCC: Cuda compilation tools, release 11.8, V11.8.89
    GCC: x86_64-linux-gnu-gcc (Ubuntu 9.4.0-1ubuntu1~20.04.1) 9.4.0
    PyTorch: 2.0.1+cu118
    PyTorch compiling details: PyTorch built with:
  - GCC 9.3
  - C++ Version: 201703
  - Intel(R) oneAPI Math Kernel Library Version 2022.2-Product Build 20220804 for Intel(R) 64 architecture applications
  - Intel(R) MKL-DNN v2.7.3 (Git Hash 6dbeffbae1f23cbbeae17adb7b5b13f1f37c080e)
  - OpenMP 201511 (a.k.a. OpenMP 4.5)
  - LAPACK is enabled (usually provided by MKL)
  - NNPACK is enabled
  - CPU capability usage: AVX2
  - CUDA Runtime 11.8
  - NVCC architecture flags: -gencode;arch=compute_37,code=sm_37;-gencode;arch=compute_50,code=sm_50;-gencode;arch=compute_60,code=sm_60;-gencode;arch=compute_70,code=sm_70;-gencode;arch=compute_75,code=sm_75;-gencode;arch=compute_80,code=sm_80;-gencode;arch=compute_86,code=sm_86;-gencode;arch=compute_90,code=sm_90
  - CuDNN 8.7
  - Magma 2.6.1
  - Build settings: BLAS_INFO=mkl, BUILD_TYPE=Release, CUDA_VERSION=11.8, CUDNN_VERSION=8.7.0, CXX_COMPILER=/opt/rh/devtoolset-9/root/usr/bin/c++, CXX_FLAGS= -D_GLIBCXX_USE_CXX11_ABI=0 -fabi-version=11 -Wno-deprecated -fvisibility-inlines-hidden -DUSE_PTHREADPOOL -DNDEBUG -DUSE_KINETO -DLIBKINETO_NOROCTRACER -DUSE_FBGEMM -DUSE_QNNPACK -DUSE_PYTORCH_QNNPACK -DUSE_XNNPACK -DSYMBOLICATE_MOBILE_DEBUG_HANDLE -O2 -fPIC -Wall -Wextra -Werror=return-type -Werror=non-virtual-dtor -Werror=bool-operation -Wnarrowing -Wno-missing-field-initializers -Wno-type-limits -Wno-array-bounds -Wno-unknown-pragmas -Wunused-local-typedefs -Wno-unused-parameter -Wno-unused-function -Wno-unused-result -Wno-strict-overflow -Wno-strict-aliasing -Wno-error=deprecated-declarations -Wno-stringop-overflow -Wno-psabi -Wno-error=pedantic -Wno-error=redundant-decls -Wno-error=old-style-cast -fdiagnostics-color=always -faligned-new -Wno-unused-but-set-variable -Wno-maybe-uninitialized -fno-math-errno -fno-trapping-math -Werror=format -Werror=cast-function-type -Wno-stringop-overflow, LAPACK_INFO=mkl, PERF_WITH_AVX=1, PERF_WITH_AVX2=1, PERF_WITH_AVX512=1, TORCH_DISABLE_GPU_ASSERTS=ON, TORCH_VERSION=2.0.1, USE_CUDA=ON, USE_CUDNN=ON, USE_EXCEPTION_PTR=1, USE_GFLAGS=OFF, USE_GLOG=OFF, USE_MKL=ON, USE_MKLDNN=ON, USE_MPI=OFF, USE_NCCL=1, USE_NNPACK=ON, USE_OPENMP=ON, USE_ROCM=OFF, 

    TorchVision: 0.15.2+cu118
    OpenCV: 4.7.0
    MMEngine: 0.7.4

Runtime environment:
    cudnn_benchmark: False
    mp_cfg: {'mp_start_method': 'fork', 'opencv_num_threads': 0}
    dist_cfg: {'backend': 'nccl'}
    seed: 158527773
    deterministic: False
    Distributed launcher: none
    Distributed training: False
    GPU number: 1
------------------------------------------------------------

2023/06/16 12:43:26 - mmengine - INFO - Config:
model = dict(
    type='ImageClassifier',
    backbone=dict(
        type='ResNet',
        depth=50,
        num_stages=4,
        out_indices=(3, ),
        style='pytorch'),
    neck=dict(type='GlobalAveragePooling'),
    head=dict(
        type='LinearClsHead',
        num_classes=30,
        in_channels=2048,
        loss=dict(type='CrossEntropyLoss', loss_weight=1.0),
        topk=(1, )),
    init_cfg=dict(
        type='Pretrained',
        checkpoint=
        'https://download.openmmlab.com/mmclassification/v0/resnet/resnet50_8xb32_in1k_20210831-ea4938fc.pth'
    ))
dataset_type = 'CustomDataset'
data_preprocessor = dict(
    num_classes=30,
    mean=[123.675, 116.28, 103.53],
    std=[58.395, 57.12, 57.375],
    to_rgb=True)
train_pipeline = [
    dict(type='LoadImageFromFile'),
    dict(type='RandomResizedCrop', scale=224),
    dict(type='RandomFlip', prob=0.5, direction='horizontal'),
    dict(type='PackInputs')
]
test_pipeline = [
    dict(type='LoadImageFromFile'),
    dict(type='ResizeEdge', scale=256, edge='short'),
    dict(type='CenterCrop', crop_size=224),
    dict(type='PackInputs')
]
train_dataloader = dict(
    pin_memory=True,
    persistent_workers=True,
    collate_fn=dict(type='default_collate'),
    batch_size=32,
    num_workers=5,
    dataset=dict(
        type='CustomDataset',
        data_root='Data/training_set',
        pipeline=[
            dict(type='LoadImageFromFile'),
            dict(type='RandomResizedCrop', scale=224),
            dict(type='RandomFlip', prob=0.5, direction='horizontal'),
            dict(type='PackInputs')
        ]),
    sampler=dict(type='DefaultSampler', shuffle=True))
val_dataloader = dict(
    pin_memory=True,
    persistent_workers=True,
    collate_fn=dict(type='default_collate'),
    batch_size=32,
    num_workers=5,
    dataset=dict(
        type='CustomDataset',
        data_root='Data/val_set',
        pipeline=[
            dict(type='LoadImageFromFile'),
            dict(type='ResizeEdge', scale=256, edge='short'),
            dict(type='CenterCrop', crop_size=224),
            dict(type='PackInputs')
        ]),
    sampler=dict(type='DefaultSampler', shuffle=False))
val_evaluator = dict(type='Accuracy', topk=(1, ))
test_dataloader = dict(
    pin_memory=True,
    persistent_workers=True,
    collate_fn=dict(type='default_collate'),
    batch_size=32,
    num_workers=5,
    dataset=dict(
        type='CustomDataset',
        data_root='Data/test_set',
        pipeline=[
            dict(type='LoadImageFromFile'),
            dict(type='ResizeEdge', scale=256, edge='short'),
            dict(type='CenterCrop', crop_size=224),
            dict(type='PackInputs')
        ]),
    sampler=dict(type='DefaultSampler', shuffle=False))
test_evaluator = dict(type='Accuracy', topk=(1, ))
optim_wrapper = dict(
    optimizer=dict(type='SGD', lr=0.02, momentum=0.9, weight_decay=0.0001))
param_scheduler = dict(
    type='MultiStepLR', by_epoch=True, milestones=[30, 60, 90], gamma=0.1)
train_cfg = dict(by_epoch=True, max_epochs=100, val_interval=1)
val_cfg = dict()
test_cfg = dict()
auto_scale_lr = dict(base_batch_size=256)
default_scope = 'mmpretrain'
default_hooks = dict(
    timer=dict(type='IterTimerHook'),
    logger=dict(type='LoggerHook', interval=100),
    param_scheduler=dict(type='ParamSchedulerHook'),
    checkpoint=dict(
        type='CheckpointHook', interval=10, max_keep_ckpts=2,
        save_best='auto'),
    sampler_seed=dict(type='DistSamplerSeedHook'),
    visualization=dict(type='VisualizationHook', enable=False))
env_cfg = dict(
    cudnn_benchmark=False,
    mp_cfg=dict(mp_start_method='fork', opencv_num_threads=0),
    dist_cfg=dict(backend='nccl'))
vis_backends = [dict(type='LocalVisBackend')]
visualizer = dict(
    type='UniversalVisualizer', vis_backends=[dict(type='LocalVisBackend')])
log_level = 'INFO'
load_from = None
resume = False
randomness = dict(seed=None, deterministic=False)
launcher = 'none'
work_dir = './exp'

2023/06/16 12:43:33 - mmengine - INFO - Distributed training is not used, all SyncBatchNorm (SyncBN) layers in the model will be automatically reverted to BatchNormXd layers if they are used.
2023/06/16 12:43:33 - mmengine - INFO - Hooks will be executed in the following order:
before_run:
(VERY_HIGH   ) RuntimeInfoHook                    
(BELOW_NORMAL) LoggerHook                         
 -------------------- 
before_train:
(VERY_HIGH   ) RuntimeInfoHook                    
(NORMAL      ) IterTimerHook                      
(VERY_LOW    ) CheckpointHook                     
 -------------------- 
before_train_epoch:
(VERY_HIGH   ) RuntimeInfoHook                    
(NORMAL      ) IterTimerHook                      
(NORMAL      ) DistSamplerSeedHook                
 -------------------- 
before_train_iter:
(VERY_HIGH   ) RuntimeInfoHook                    
(NORMAL      ) IterTimerHook                      
 -------------------- 
after_train_iter:
(VERY_HIGH   ) RuntimeInfoHook                    
(NORMAL      ) IterTimerHook                      
(BELOW_NORMAL) LoggerHook                         
(LOW         ) ParamSchedulerHook                 
(VERY_LOW    ) CheckpointHook                     
 -------------------- 
after_train_epoch:
(NORMAL      ) IterTimerHook                      
(LOW         ) ParamSchedulerHook                 
(VERY_LOW    ) CheckpointHook                     
 -------------------- 
before_val_epoch:
(NORMAL      ) IterTimerHook                      
 -------------------- 
before_val_iter:
(NORMAL      ) IterTimerHook                      
 -------------------- 
after_val_iter:
(NORMAL      ) IterTimerHook                      
(NORMAL      ) VisualizationHook                  
(BELOW_NORMAL) LoggerHook                         
 -------------------- 
after_val_epoch:
(VERY_HIGH   ) RuntimeInfoHook                    
(NORMAL      ) IterTimerHook                      
(BELOW_NORMAL) LoggerHook                         
(LOW         ) ParamSchedulerHook                 
(VERY_LOW    ) CheckpointHook                     
 -------------------- 
after_train:
(VERY_LOW    ) CheckpointHook                     
 -------------------- 
before_test_epoch:
(NORMAL      ) IterTimerHook                      
 -------------------- 
before_test_iter:
(NORMAL      ) IterTimerHook                      
 -------------------- 
after_test_iter:
(NORMAL      ) IterTimerHook                      
(NORMAL      ) VisualizationHook                  
(BELOW_NORMAL) LoggerHook                         
 -------------------- 
after_test_epoch:
(VERY_HIGH   ) RuntimeInfoHook                    
(NORMAL      ) IterTimerHook                      
(BELOW_NORMAL) LoggerHook                         
 -------------------- 
after_run:
(BELOW_NORMAL) LoggerHook                         
 -------------------- 
2023/06/16 12:43:47 - mmengine - INFO - load model from: https://download.openmmlab.com/mmclassification/v0/resnet/resnet50_8xb32_in1k_20210831-ea4938fc.pth
2023/06/16 12:43:47 - mmengine - INFO - Loads checkpoint by http backend from path: https://download.openmmlab.com/mmclassification/v0/resnet/resnet50_8xb32_in1k_20210831-ea4938fc.pth
2023/06/16 12:43:56 - mmengine - WARNING - The model and loaded state dict do not match exactly

size mismatch for head.fc.weight: copying a param with shape torch.Size([1000, 2048]) from checkpoint, the shape in current model is torch.Size([30, 2048]).
size mismatch for head.fc.bias: copying a param with shape torch.Size([1000]) from checkpoint, the shape in current model is torch.Size([30]).
Name of parameter - Initialization information

backbone.conv1.weight - torch.Size([64, 3, 7, 7]): 
PretrainedInit: load from https://download.openmmlab.com/mmclassification/v0/resnet/resnet50_8xb32_in1k_20210831-ea4938fc.pth 

backbone.bn1.weight - torch.Size([64]): 
PretrainedInit: load from https://download.openmmlab.com/mmclassification/v0/resnet/resnet50_8xb32_in1k_20210831-ea4938fc.pth 

backbone.bn1.bias - torch.Size([64]): 
PretrainedInit: load from https://download.openmmlab.com/mmclassification/v0/resnet/resnet50_8xb32_in1k_20210831-ea4938fc.pth 

backbone.layer1.0.conv1.weight - torch.Size([64, 64, 1, 1]): 
PretrainedInit: load from https://download.openmmlab.com/mmclassification/v0/resnet/resnet50_8xb32_in1k_20210831-ea4938fc.pth 

backbone.layer1.0.bn1.weight - torch.Size([64]): 
PretrainedInit: load from https://download.openmmlab.com/mmclassification/v0/resnet/resnet50_8xb32_in1k_20210831-ea4938fc.pth 

backbone.layer1.0.bn1.bias - torch.Size([64]): 
PretrainedInit: load from https://download.openmmlab.com/mmclassification/v0/resnet/resnet50_8xb32_in1k_20210831-ea4938fc.pth 

backbone.layer1.0.conv2.weight - torch.Size([64, 64, 3, 3]): 
PretrainedInit: load from https://download.openmmlab.com/mmclassification/v0/resnet/resnet50_8xb32_in1k_20210831-ea4938fc.pth 

backbone.layer1.0.bn2.weight - torch.Size([64]): 
PretrainedInit: load from https://download.openmmlab.com/mmclassification/v0/resnet/resnet50_8xb32_in1k_20210831-ea4938fc.pth 

backbone.layer1.0.bn2.bias - torch.Size([64]): 
PretrainedInit: load from https://download.openmmlab.com/mmclassification/v0/resnet/resnet50_8xb32_in1k_20210831-ea4938fc.pth 

backbone.layer1.0.conv3.weight - torch.Size([256, 64, 1, 1]): 
PretrainedInit: load from https://download.openmmlab.com/mmclassification/v0/resnet/resnet50_8xb32_in1k_20210831-ea4938fc.pth 

backbone.layer1.0.bn3.weight - torch.Size([256]): 
PretrainedInit: load from https://download.openmmlab.com/mmclassification/v0/resnet/resnet50_8xb32_in1k_20210831-ea4938fc.pth 

backbone.layer1.0.bn3.bias - torch.Size([256]): 
PretrainedInit: load from https://download.openmmlab.com/mmclassification/v0/resnet/resnet50_8xb32_in1k_20210831-ea4938fc.pth 

backbone.layer1.0.downsample.0.weight - torch.Size([256, 64, 1, 1]): 
PretrainedInit: load from https://download.openmmlab.com/mmclassification/v0/resnet/resnet50_8xb32_in1k_20210831-ea4938fc.pth 

backbone.layer1.0.downsample.1.weight - torch.Size([256]): 
PretrainedInit: load from https://download.openmmlab.com/mmclassification/v0/resnet/resnet50_8xb32_in1k_20210831-ea4938fc.pth 

backbone.layer1.0.downsample.1.bias - torch.Size([256]): 
PretrainedInit: load from https://download.openmmlab.com/mmclassification/v0/resnet/resnet50_8xb32_in1k_20210831-ea4938fc.pth 

backbone.layer1.1.conv1.weight - torch.Size([64, 256, 1, 1]): 
PretrainedInit: load from https://download.openmmlab.com/mmclassification/v0/resnet/resnet50_8xb32_in1k_20210831-ea4938fc.pth 

backbone.layer1.1.bn1.weight - torch.Size([64]): 
PretrainedInit: load from https://download.openmmlab.com/mmclassification/v0/resnet/resnet50_8xb32_in1k_20210831-ea4938fc.pth 

backbone.layer1.1.bn1.bias - torch.Size([64]): 
PretrainedInit: load from https://download.openmmlab.com/mmclassification/v0/resnet/resnet50_8xb32_in1k_20210831-ea4938fc.pth 

backbone.layer1.1.conv2.weight - torch.Size([64, 64, 3, 3]): 
PretrainedInit: load from https://download.openmmlab.com/mmclassification/v0/resnet/resnet50_8xb32_in1k_20210831-ea4938fc.pth 

backbone.layer1.1.bn2.weight - torch.Size([64]): 
PretrainedInit: load from https://download.openmmlab.com/mmclassification/v0/resnet/resnet50_8xb32_in1k_20210831-ea4938fc.pth 

backbone.layer1.1.bn2.bias - torch.Size([64]): 
PretrainedInit: load from https://download.openmmlab.com/mmclassification/v0/resnet/resnet50_8xb32_in1k_20210831-ea4938fc.pth 

backbone.layer1.1.conv3.weight - torch.Size([256, 64, 1, 1]): 
PretrainedInit: load from https://download.openmmlab.com/mmclassification/v0/resnet/resnet50_8xb32_in1k_20210831-ea4938fc.pth 

backbone.layer1.1.bn3.weight - torch.Size([256]): 
PretrainedInit: load from https://download.openmmlab.com/mmclassification/v0/resnet/resnet50_8xb32_in1k_20210831-ea4938fc.pth 

backbone.layer1.1.bn3.bias - torch.Size([256]): 
PretrainedInit: load from https://download.openmmlab.com/mmclassification/v0/resnet/resnet50_8xb32_in1k_20210831-ea4938fc.pth 

backbone.layer1.2.conv1.weight - torch.Size([64, 256, 1, 1]): 
PretrainedInit: load from https://download.openmmlab.com/mmclassification/v0/resnet/resnet50_8xb32_in1k_20210831-ea4938fc.pth 

backbone.layer1.2.bn1.weight - torch.Size([64]): 
PretrainedInit: load from https://download.openmmlab.com/mmclassification/v0/resnet/resnet50_8xb32_in1k_20210831-ea4938fc.pth 

backbone.layer1.2.bn1.bias - torch.Size([64]): 
PretrainedInit: load from https://download.openmmlab.com/mmclassification/v0/resnet/resnet50_8xb32_in1k_20210831-ea4938fc.pth 

backbone.layer1.2.conv2.weight - torch.Size([64, 64, 3, 3]): 
PretrainedInit: load from https://download.openmmlab.com/mmclassification/v0/resnet/resnet50_8xb32_in1k_20210831-ea4938fc.pth 

backbone.layer1.2.bn2.weight - torch.Size([64]): 
PretrainedInit: load from https://download.openmmlab.com/mmclassification/v0/resnet/resnet50_8xb32_in1k_20210831-ea4938fc.pth 

backbone.layer1.2.bn2.bias - torch.Size([64]): 
PretrainedInit: load from https://download.openmmlab.com/mmclassification/v0/resnet/resnet50_8xb32_in1k_20210831-ea4938fc.pth 

backbone.layer1.2.conv3.weight - torch.Size([256, 64, 1, 1]): 
PretrainedInit: load from https://download.openmmlab.com/mmclassification/v0/resnet/resnet50_8xb32_in1k_20210831-ea4938fc.pth 

backbone.layer1.2.bn3.weight - torch.Size([256]): 
PretrainedInit: load from https://download.openmmlab.com/mmclassification/v0/resnet/resnet50_8xb32_in1k_20210831-ea4938fc.pth 

backbone.layer1.2.bn3.bias - torch.Size([256]): 
PretrainedInit: load from https://download.openmmlab.com/mmclassification/v0/resnet/resnet50_8xb32_in1k_20210831-ea4938fc.pth 

backbone.layer2.0.conv1.weight - torch.Size([128, 256, 1, 1]): 
PretrainedInit: load from https://download.openmmlab.com/mmclassification/v0/resnet/resnet50_8xb32_in1k_20210831-ea4938fc.pth 

backbone.layer2.0.bn1.weight - torch.Size([128]): 
PretrainedInit: load from https://download.openmmlab.com/mmclassification/v0/resnet/resnet50_8xb32_in1k_20210831-ea4938fc.pth 

backbone.layer2.0.bn1.bias - torch.Size([128]): 
PretrainedInit: load from https://download.openmmlab.com/mmclassification/v0/resnet/resnet50_8xb32_in1k_20210831-ea4938fc.pth 

backbone.layer2.0.conv2.weight - torch.Size([128, 128, 3, 3]): 
PretrainedInit: load from https://download.openmmlab.com/mmclassification/v0/resnet/resnet50_8xb32_in1k_20210831-ea4938fc.pth 

backbone.layer2.0.bn2.weight - torch.Size([128]): 
PretrainedInit: load from https://download.openmmlab.com/mmclassification/v0/resnet/resnet50_8xb32_in1k_20210831-ea4938fc.pth 

backbone.layer2.0.bn2.bias - torch.Size([128]): 
PretrainedInit: load from https://download.openmmlab.com/mmclassification/v0/resnet/resnet50_8xb32_in1k_20210831-ea4938fc.pth 

backbone.layer2.0.conv3.weight - torch.Size([512, 128, 1, 1]): 
PretrainedInit: load from https://download.openmmlab.com/mmclassification/v0/resnet/resnet50_8xb32_in1k_20210831-ea4938fc.pth 

backbone.layer2.0.bn3.weight - torch.Size([512]): 
PretrainedInit: load from https://download.openmmlab.com/mmclassification/v0/resnet/resnet50_8xb32_in1k_20210831-ea4938fc.pth 

backbone.layer2.0.bn3.bias - torch.Size([512]): 
PretrainedInit: load from https://download.openmmlab.com/mmclassification/v0/resnet/resnet50_8xb32_in1k_20210831-ea4938fc.pth 

backbone.layer2.0.downsample.0.weight - torch.Size([512, 256, 1, 1]): 
PretrainedInit: load from https://download.openmmlab.com/mmclassification/v0/resnet/resnet50_8xb32_in1k_20210831-ea4938fc.pth 

backbone.layer2.0.downsample.1.weight - torch.Size([512]): 
PretrainedInit: load from https://download.openmmlab.com/mmclassification/v0/resnet/resnet50_8xb32_in1k_20210831-ea4938fc.pth 

backbone.layer2.0.downsample.1.bias - torch.Size([512]): 
PretrainedInit: load from https://download.openmmlab.com/mmclassification/v0/resnet/resnet50_8xb32_in1k_20210831-ea4938fc.pth 

backbone.layer2.1.conv1.weight - torch.Size([128, 512, 1, 1]): 
PretrainedInit: load from https://download.openmmlab.com/mmclassification/v0/resnet/resnet50_8xb32_in1k_20210831-ea4938fc.pth 

backbone.layer2.1.bn1.weight - torch.Size([128]): 
PretrainedInit: load from https://download.openmmlab.com/mmclassification/v0/resnet/resnet50_8xb32_in1k_20210831-ea4938fc.pth 

backbone.layer2.1.bn1.bias - torch.Size([128]): 
PretrainedInit: load from https://download.openmmlab.com/mmclassification/v0/resnet/resnet50_8xb32_in1k_20210831-ea4938fc.pth 

backbone.layer2.1.conv2.weight - torch.Size([128, 128, 3, 3]): 
PretrainedInit: load from https://download.openmmlab.com/mmclassification/v0/resnet/resnet50_8xb32_in1k_20210831-ea4938fc.pth 

backbone.layer2.1.bn2.weight - torch.Size([128]): 
PretrainedInit: load from https://download.openmmlab.com/mmclassification/v0/resnet/resnet50_8xb32_in1k_20210831-ea4938fc.pth 

backbone.layer2.1.bn2.bias - torch.Size([128]): 
PretrainedInit: load from https://download.openmmlab.com/mmclassification/v0/resnet/resnet50_8xb32_in1k_20210831-ea4938fc.pth 

backbone.layer2.1.conv3.weight - torch.Size([512, 128, 1, 1]): 
PretrainedInit: load from https://download.openmmlab.com/mmclassification/v0/resnet/resnet50_8xb32_in1k_20210831-ea4938fc.pth 

backbone.layer2.1.bn3.weight - torch.Size([512]): 
PretrainedInit: load from https://download.openmmlab.com/mmclassification/v0/resnet/resnet50_8xb32_in1k_20210831-ea4938fc.pth 

backbone.layer2.1.bn3.bias - torch.Size([512]): 
PretrainedInit: load from https://download.openmmlab.com/mmclassification/v0/resnet/resnet50_8xb32_in1k_20210831-ea4938fc.pth 

backbone.layer2.2.conv1.weight - torch.Size([128, 512, 1, 1]): 
PretrainedInit: load from https://download.openmmlab.com/mmclassification/v0/resnet/resnet50_8xb32_in1k_20210831-ea4938fc.pth 

backbone.layer2.2.bn1.weight - torch.Size([128]): 
PretrainedInit: load from https://download.openmmlab.com/mmclassification/v0/resnet/resnet50_8xb32_in1k_20210831-ea4938fc.pth 

backbone.layer2.2.bn1.bias - torch.Size([128]): 
PretrainedInit: load from https://download.openmmlab.com/mmclassification/v0/resnet/resnet50_8xb32_in1k_20210831-ea4938fc.pth 

backbone.layer2.2.conv2.weight - torch.Size([128, 128, 3, 3]): 
PretrainedInit: load from https://download.openmmlab.com/mmclassification/v0/resnet/resnet50_8xb32_in1k_20210831-ea4938fc.pth 

backbone.layer2.2.bn2.weight - torch.Size([128]): 
PretrainedInit: load from https://download.openmmlab.com/mmclassification/v0/resnet/resnet50_8xb32_in1k_20210831-ea4938fc.pth 

backbone.layer2.2.bn2.bias - torch.Size([128]): 
PretrainedInit: load from https://download.openmmlab.com/mmclassification/v0/resnet/resnet50_8xb32_in1k_20210831-ea4938fc.pth 

backbone.layer2.2.conv3.weight - torch.Size([512, 128, 1, 1]): 
PretrainedInit: load from https://download.openmmlab.com/mmclassification/v0/resnet/resnet50_8xb32_in1k_20210831-ea4938fc.pth 

backbone.layer2.2.bn3.weight - torch.Size([512]): 
PretrainedInit: load from https://download.openmmlab.com/mmclassification/v0/resnet/resnet50_8xb32_in1k_20210831-ea4938fc.pth 

backbone.layer2.2.bn3.bias - torch.Size([512]): 
PretrainedInit: load from https://download.openmmlab.com/mmclassification/v0/resnet/resnet50_8xb32_in1k_20210831-ea4938fc.pth 

backbone.layer2.3.conv1.weight - torch.Size([128, 512, 1, 1]): 
PretrainedInit: load from https://download.openmmlab.com/mmclassification/v0/resnet/resnet50_8xb32_in1k_20210831-ea4938fc.pth 

backbone.layer2.3.bn1.weight - torch.Size([128]): 
PretrainedInit: load from https://download.openmmlab.com/mmclassification/v0/resnet/resnet50_8xb32_in1k_20210831-ea4938fc.pth 

backbone.layer2.3.bn1.bias - torch.Size([128]): 
PretrainedInit: load from https://download.openmmlab.com/mmclassification/v0/resnet/resnet50_8xb32_in1k_20210831-ea4938fc.pth 

backbone.layer2.3.conv2.weight - torch.Size([128, 128, 3, 3]): 
PretrainedInit: load from https://download.openmmlab.com/mmclassification/v0/resnet/resnet50_8xb32_in1k_20210831-ea4938fc.pth 

backbone.layer2.3.bn2.weight - torch.Size([128]): 
PretrainedInit: load from https://download.openmmlab.com/mmclassification/v0/resnet/resnet50_8xb32_in1k_20210831-ea4938fc.pth 

backbone.layer2.3.bn2.bias - torch.Size([128]): 
PretrainedInit: load from https://download.openmmlab.com/mmclassification/v0/resnet/resnet50_8xb32_in1k_20210831-ea4938fc.pth 

backbone.layer2.3.conv3.weight - torch.Size([512, 128, 1, 1]): 
PretrainedInit: load from https://download.openmmlab.com/mmclassification/v0/resnet/resnet50_8xb32_in1k_20210831-ea4938fc.pth 

backbone.layer2.3.bn3.weight - torch.Size([512]): 
PretrainedInit: load from https://download.openmmlab.com/mmclassification/v0/resnet/resnet50_8xb32_in1k_20210831-ea4938fc.pth 

backbone.layer2.3.bn3.bias - torch.Size([512]): 
PretrainedInit: load from https://download.openmmlab.com/mmclassification/v0/resnet/resnet50_8xb32_in1k_20210831-ea4938fc.pth 

backbone.layer3.0.conv1.weight - torch.Size([256, 512, 1, 1]): 
PretrainedInit: load from https://download.openmmlab.com/mmclassification/v0/resnet/resnet50_8xb32_in1k_20210831-ea4938fc.pth 

backbone.layer3.0.bn1.weight - torch.Size([256]): 
PretrainedInit: load from https://download.openmmlab.com/mmclassification/v0/resnet/resnet50_8xb32_in1k_20210831-ea4938fc.pth 

backbone.layer3.0.bn1.bias - torch.Size([256]): 
PretrainedInit: load from https://download.openmmlab.com/mmclassification/v0/resnet/resnet50_8xb32_in1k_20210831-ea4938fc.pth 

backbone.layer3.0.conv2.weight - torch.Size([256, 256, 3, 3]): 
PretrainedInit: load from https://download.openmmlab.com/mmclassification/v0/resnet/resnet50_8xb32_in1k_20210831-ea4938fc.pth 

backbone.layer3.0.bn2.weight - torch.Size([256]): 
PretrainedInit: load from https://download.openmmlab.com/mmclassification/v0/resnet/resnet50_8xb32_in1k_20210831-ea4938fc.pth 

backbone.layer3.0.bn2.bias - torch.Size([256]): 
PretrainedInit: load from https://download.openmmlab.com/mmclassification/v0/resnet/resnet50_8xb32_in1k_20210831-ea4938fc.pth 

backbone.layer3.0.conv3.weight - torch.Size([1024, 256, 1, 1]): 
PretrainedInit: load from https://download.openmmlab.com/mmclassification/v0/resnet/resnet50_8xb32_in1k_20210831-ea4938fc.pth 

backbone.layer3.0.bn3.weight - torch.Size([1024]): 
PretrainedInit: load from https://download.openmmlab.com/mmclassification/v0/resnet/resnet50_8xb32_in1k_20210831-ea4938fc.pth 

backbone.layer3.0.bn3.bias - torch.Size([1024]): 
PretrainedInit: load from https://download.openmmlab.com/mmclassification/v0/resnet/resnet50_8xb32_in1k_20210831-ea4938fc.pth 

backbone.layer3.0.downsample.0.weight - torch.Size([1024, 512, 1, 1]): 
PretrainedInit: load from https://download.openmmlab.com/mmclassification/v0/resnet/resnet50_8xb32_in1k_20210831-ea4938fc.pth 

backbone.layer3.0.downsample.1.weight - torch.Size([1024]): 
PretrainedInit: load from https://download.openmmlab.com/mmclassification/v0/resnet/resnet50_8xb32_in1k_20210831-ea4938fc.pth 

backbone.layer3.0.downsample.1.bias - torch.Size([1024]): 
PretrainedInit: load from https://download.openmmlab.com/mmclassification/v0/resnet/resnet50_8xb32_in1k_20210831-ea4938fc.pth 

backbone.layer3.1.conv1.weight - torch.Size([256, 1024, 1, 1]): 
PretrainedInit: load from https://download.openmmlab.com/mmclassification/v0/resnet/resnet50_8xb32_in1k_20210831-ea4938fc.pth 

backbone.layer3.1.bn1.weight - torch.Size([256]): 
PretrainedInit: load from https://download.openmmlab.com/mmclassification/v0/resnet/resnet50_8xb32_in1k_20210831-ea4938fc.pth 

backbone.layer3.1.bn1.bias - torch.Size([256]): 
PretrainedInit: load from https://download.openmmlab.com/mmclassification/v0/resnet/resnet50_8xb32_in1k_20210831-ea4938fc.pth 

backbone.layer3.1.conv2.weight - torch.Size([256, 256, 3, 3]): 
PretrainedInit: load from https://download.openmmlab.com/mmclassification/v0/resnet/resnet50_8xb32_in1k_20210831-ea4938fc.pth 

backbone.layer3.1.bn2.weight - torch.Size([256]): 
PretrainedInit: load from https://download.openmmlab.com/mmclassification/v0/resnet/resnet50_8xb32_in1k_20210831-ea4938fc.pth 

backbone.layer3.1.bn2.bias - torch.Size([256]): 
PretrainedInit: load from https://download.openmmlab.com/mmclassification/v0/resnet/resnet50_8xb32_in1k_20210831-ea4938fc.pth 

backbone.layer3.1.conv3.weight - torch.Size([1024, 256, 1, 1]): 
PretrainedInit: load from https://download.openmmlab.com/mmclassification/v0/resnet/resnet50_8xb32_in1k_20210831-ea4938fc.pth 

backbone.layer3.1.bn3.weight - torch.Size([1024]): 
PretrainedInit: load from https://download.openmmlab.com/mmclassification/v0/resnet/resnet50_8xb32_in1k_20210831-ea4938fc.pth 

backbone.layer3.1.bn3.bias - torch.Size([1024]): 
PretrainedInit: load from https://download.openmmlab.com/mmclassification/v0/resnet/resnet50_8xb32_in1k_20210831-ea4938fc.pth 

backbone.layer3.2.conv1.weight - torch.Size([256, 1024, 1, 1]): 
PretrainedInit: load from https://download.openmmlab.com/mmclassification/v0/resnet/resnet50_8xb32_in1k_20210831-ea4938fc.pth 

backbone.layer3.2.bn1.weight - torch.Size([256]): 
PretrainedInit: load from https://download.openmmlab.com/mmclassification/v0/resnet/resnet50_8xb32_in1k_20210831-ea4938fc.pth 

backbone.layer3.2.bn1.bias - torch.Size([256]): 
PretrainedInit: load from https://download.openmmlab.com/mmclassification/v0/resnet/resnet50_8xb32_in1k_20210831-ea4938fc.pth 

backbone.layer3.2.conv2.weight - torch.Size([256, 256, 3, 3]): 
PretrainedInit: load from https://download.openmmlab.com/mmclassification/v0/resnet/resnet50_8xb32_in1k_20210831-ea4938fc.pth 

backbone.layer3.2.bn2.weight - torch.Size([256]): 
PretrainedInit: load from https://download.openmmlab.com/mmclassification/v0/resnet/resnet50_8xb32_in1k_20210831-ea4938fc.pth 

backbone.layer3.2.bn2.bias - torch.Size([256]): 
PretrainedInit: load from https://download.openmmlab.com/mmclassification/v0/resnet/resnet50_8xb32_in1k_20210831-ea4938fc.pth 

backbone.layer3.2.conv3.weight - torch.Size([1024, 256, 1, 1]): 
PretrainedInit: load from https://download.openmmlab.com/mmclassification/v0/resnet/resnet50_8xb32_in1k_20210831-ea4938fc.pth 

backbone.layer3.2.bn3.weight - torch.Size([1024]): 
PretrainedInit: load from https://download.openmmlab.com/mmclassification/v0/resnet/resnet50_8xb32_in1k_20210831-ea4938fc.pth 

backbone.layer3.2.bn3.bias - torch.Size([1024]): 
PretrainedInit: load from https://download.openmmlab.com/mmclassification/v0/resnet/resnet50_8xb32_in1k_20210831-ea4938fc.pth 

backbone.layer3.3.conv1.weight - torch.Size([256, 1024, 1, 1]): 
PretrainedInit: load from https://download.openmmlab.com/mmclassification/v0/resnet/resnet50_8xb32_in1k_20210831-ea4938fc.pth 

backbone.layer3.3.bn1.weight - torch.Size([256]): 
PretrainedInit: load from https://download.openmmlab.com/mmclassification/v0/resnet/resnet50_8xb32_in1k_20210831-ea4938fc.pth 

backbone.layer3.3.bn1.bias - torch.Size([256]): 
PretrainedInit: load from https://download.openmmlab.com/mmclassification/v0/resnet/resnet50_8xb32_in1k_20210831-ea4938fc.pth 

backbone.layer3.3.conv2.weight - torch.Size([256, 256, 3, 3]): 
PretrainedInit: load from https://download.openmmlab.com/mmclassification/v0/resnet/resnet50_8xb32_in1k_20210831-ea4938fc.pth 

backbone.layer3.3.bn2.weight - torch.Size([256]): 
PretrainedInit: load from https://download.openmmlab.com/mmclassification/v0/resnet/resnet50_8xb32_in1k_20210831-ea4938fc.pth 

backbone.layer3.3.bn2.bias - torch.Size([256]): 
PretrainedInit: load from https://download.openmmlab.com/mmclassification/v0/resnet/resnet50_8xb32_in1k_20210831-ea4938fc.pth 

backbone.layer3.3.conv3.weight - torch.Size([1024, 256, 1, 1]): 
PretrainedInit: load from https://download.openmmlab.com/mmclassification/v0/resnet/resnet50_8xb32_in1k_20210831-ea4938fc.pth 

backbone.layer3.3.bn3.weight - torch.Size([1024]): 
PretrainedInit: load from https://download.openmmlab.com/mmclassification/v0/resnet/resnet50_8xb32_in1k_20210831-ea4938fc.pth 

backbone.layer3.3.bn3.bias - torch.Size([1024]): 
PretrainedInit: load from https://download.openmmlab.com/mmclassification/v0/resnet/resnet50_8xb32_in1k_20210831-ea4938fc.pth 

backbone.layer3.4.conv1.weight - torch.Size([256, 1024, 1, 1]): 
PretrainedInit: load from https://download.openmmlab.com/mmclassification/v0/resnet/resnet50_8xb32_in1k_20210831-ea4938fc.pth 

backbone.layer3.4.bn1.weight - torch.Size([256]): 
PretrainedInit: load from https://download.openmmlab.com/mmclassification/v0/resnet/resnet50_8xb32_in1k_20210831-ea4938fc.pth 

backbone.layer3.4.bn1.bias - torch.Size([256]): 
PretrainedInit: load from https://download.openmmlab.com/mmclassification/v0/resnet/resnet50_8xb32_in1k_20210831-ea4938fc.pth 

backbone.layer3.4.conv2.weight - torch.Size([256, 256, 3, 3]): 
PretrainedInit: load from https://download.openmmlab.com/mmclassification/v0/resnet/resnet50_8xb32_in1k_20210831-ea4938fc.pth 

backbone.layer3.4.bn2.weight - torch.Size([256]): 
PretrainedInit: load from https://download.openmmlab.com/mmclassification/v0/resnet/resnet50_8xb32_in1k_20210831-ea4938fc.pth 

backbone.layer3.4.bn2.bias - torch.Size([256]): 
PretrainedInit: load from https://download.openmmlab.com/mmclassification/v0/resnet/resnet50_8xb32_in1k_20210831-ea4938fc.pth 

backbone.layer3.4.conv3.weight - torch.Size([1024, 256, 1, 1]): 
PretrainedInit: load from https://download.openmmlab.com/mmclassification/v0/resnet/resnet50_8xb32_in1k_20210831-ea4938fc.pth 

backbone.layer3.4.bn3.weight - torch.Size([1024]): 
PretrainedInit: load from https://download.openmmlab.com/mmclassification/v0/resnet/resnet50_8xb32_in1k_20210831-ea4938fc.pth 

backbone.layer3.4.bn3.bias - torch.Size([1024]): 
PretrainedInit: load from https://download.openmmlab.com/mmclassification/v0/resnet/resnet50_8xb32_in1k_20210831-ea4938fc.pth 

backbone.layer3.5.conv1.weight - torch.Size([256, 1024, 1, 1]): 
PretrainedInit: load from https://download.openmmlab.com/mmclassification/v0/resnet/resnet50_8xb32_in1k_20210831-ea4938fc.pth 

backbone.layer3.5.bn1.weight - torch.Size([256]): 
PretrainedInit: load from https://download.openmmlab.com/mmclassification/v0/resnet/resnet50_8xb32_in1k_20210831-ea4938fc.pth 

backbone.layer3.5.bn1.bias - torch.Size([256]): 
PretrainedInit: load from https://download.openmmlab.com/mmclassification/v0/resnet/resnet50_8xb32_in1k_20210831-ea4938fc.pth 

backbone.layer3.5.conv2.weight - torch.Size([256, 256, 3, 3]): 
PretrainedInit: load from https://download.openmmlab.com/mmclassification/v0/resnet/resnet50_8xb32_in1k_20210831-ea4938fc.pth 

backbone.layer3.5.bn2.weight - torch.Size([256]): 
PretrainedInit: load from https://download.openmmlab.com/mmclassification/v0/resnet/resnet50_8xb32_in1k_20210831-ea4938fc.pth 

backbone.layer3.5.bn2.bias - torch.Size([256]): 
PretrainedInit: load from https://download.openmmlab.com/mmclassification/v0/resnet/resnet50_8xb32_in1k_20210831-ea4938fc.pth 

backbone.layer3.5.conv3.weight - torch.Size([1024, 256, 1, 1]): 
PretrainedInit: load from https://download.openmmlab.com/mmclassification/v0/resnet/resnet50_8xb32_in1k_20210831-ea4938fc.pth 

backbone.layer3.5.bn3.weight - torch.Size([1024]): 
PretrainedInit: load from https://download.openmmlab.com/mmclassification/v0/resnet/resnet50_8xb32_in1k_20210831-ea4938fc.pth 

backbone.layer3.5.bn3.bias - torch.Size([1024]): 
PretrainedInit: load from https://download.openmmlab.com/mmclassification/v0/resnet/resnet50_8xb32_in1k_20210831-ea4938fc.pth 

backbone.layer4.0.conv1.weight - torch.Size([512, 1024, 1, 1]): 
PretrainedInit: load from https://download.openmmlab.com/mmclassification/v0/resnet/resnet50_8xb32_in1k_20210831-ea4938fc.pth 

backbone.layer4.0.bn1.weight - torch.Size([512]): 
PretrainedInit: load from https://download.openmmlab.com/mmclassification/v0/resnet/resnet50_8xb32_in1k_20210831-ea4938fc.pth 

backbone.layer4.0.bn1.bias - torch.Size([512]): 
PretrainedInit: load from https://download.openmmlab.com/mmclassification/v0/resnet/resnet50_8xb32_in1k_20210831-ea4938fc.pth 

backbone.layer4.0.conv2.weight - torch.Size([512, 512, 3, 3]): 
PretrainedInit: load from https://download.openmmlab.com/mmclassification/v0/resnet/resnet50_8xb32_in1k_20210831-ea4938fc.pth 

backbone.layer4.0.bn2.weight - torch.Size([512]): 
PretrainedInit: load from https://download.openmmlab.com/mmclassification/v0/resnet/resnet50_8xb32_in1k_20210831-ea4938fc.pth 

backbone.layer4.0.bn2.bias - torch.Size([512]): 
PretrainedInit: load from https://download.openmmlab.com/mmclassification/v0/resnet/resnet50_8xb32_in1k_20210831-ea4938fc.pth 

backbone.layer4.0.conv3.weight - torch.Size([2048, 512, 1, 1]): 
PretrainedInit: load from https://download.openmmlab.com/mmclassification/v0/resnet/resnet50_8xb32_in1k_20210831-ea4938fc.pth 

backbone.layer4.0.bn3.weight - torch.Size([2048]): 
PretrainedInit: load from https://download.openmmlab.com/mmclassification/v0/resnet/resnet50_8xb32_in1k_20210831-ea4938fc.pth 

backbone.layer4.0.bn3.bias - torch.Size([2048]): 
PretrainedInit: load from https://download.openmmlab.com/mmclassification/v0/resnet/resnet50_8xb32_in1k_20210831-ea4938fc.pth 

backbone.layer4.0.downsample.0.weight - torch.Size([2048, 1024, 1, 1]): 
PretrainedInit: load from https://download.openmmlab.com/mmclassification/v0/resnet/resnet50_8xb32_in1k_20210831-ea4938fc.pth 

backbone.layer4.0.downsample.1.weight - torch.Size([2048]): 
PretrainedInit: load from https://download.openmmlab.com/mmclassification/v0/resnet/resnet50_8xb32_in1k_20210831-ea4938fc.pth 

backbone.layer4.0.downsample.1.bias - torch.Size([2048]): 
PretrainedInit: load from https://download.openmmlab.com/mmclassification/v0/resnet/resnet50_8xb32_in1k_20210831-ea4938fc.pth 

backbone.layer4.1.conv1.weight - torch.Size([512, 2048, 1, 1]): 
PretrainedInit: load from https://download.openmmlab.com/mmclassification/v0/resnet/resnet50_8xb32_in1k_20210831-ea4938fc.pth 

backbone.layer4.1.bn1.weight - torch.Size([512]): 
PretrainedInit: load from https://download.openmmlab.com/mmclassification/v0/resnet/resnet50_8xb32_in1k_20210831-ea4938fc.pth 

backbone.layer4.1.bn1.bias - torch.Size([512]): 
PretrainedInit: load from https://download.openmmlab.com/mmclassification/v0/resnet/resnet50_8xb32_in1k_20210831-ea4938fc.pth 

backbone.layer4.1.conv2.weight - torch.Size([512, 512, 3, 3]): 
PretrainedInit: load from https://download.openmmlab.com/mmclassification/v0/resnet/resnet50_8xb32_in1k_20210831-ea4938fc.pth 

backbone.layer4.1.bn2.weight - torch.Size([512]): 
PretrainedInit: load from https://download.openmmlab.com/mmclassification/v0/resnet/resnet50_8xb32_in1k_20210831-ea4938fc.pth 

backbone.layer4.1.bn2.bias - torch.Size([512]): 
PretrainedInit: load from https://download.openmmlab.com/mmclassification/v0/resnet/resnet50_8xb32_in1k_20210831-ea4938fc.pth 

backbone.layer4.1.conv3.weight - torch.Size([2048, 512, 1, 1]): 
PretrainedInit: load from https://download.openmmlab.com/mmclassification/v0/resnet/resnet50_8xb32_in1k_20210831-ea4938fc.pth 

backbone.layer4.1.bn3.weight - torch.Size([2048]): 
PretrainedInit: load from https://download.openmmlab.com/mmclassification/v0/resnet/resnet50_8xb32_in1k_20210831-ea4938fc.pth 

backbone.layer4.1.bn3.bias - torch.Size([2048]): 
PretrainedInit: load from https://download.openmmlab.com/mmclassification/v0/resnet/resnet50_8xb32_in1k_20210831-ea4938fc.pth 

backbone.layer4.2.conv1.weight - torch.Size([512, 2048, 1, 1]): 
PretrainedInit: load from https://download.openmmlab.com/mmclassification/v0/resnet/resnet50_8xb32_in1k_20210831-ea4938fc.pth 

backbone.layer4.2.bn1.weight - torch.Size([512]): 
PretrainedInit: load from https://download.openmmlab.com/mmclassification/v0/resnet/resnet50_8xb32_in1k_20210831-ea4938fc.pth 

backbone.layer4.2.bn1.bias - torch.Size([512]): 
PretrainedInit: load from https://download.openmmlab.com/mmclassification/v0/resnet/resnet50_8xb32_in1k_20210831-ea4938fc.pth 

backbone.layer4.2.conv2.weight - torch.Size([512, 512, 3, 3]): 
PretrainedInit: load from https://download.openmmlab.com/mmclassification/v0/resnet/resnet50_8xb32_in1k_20210831-ea4938fc.pth 

backbone.layer4.2.bn2.weight - torch.Size([512]): 
PretrainedInit: load from https://download.openmmlab.com/mmclassification/v0/resnet/resnet50_8xb32_in1k_20210831-ea4938fc.pth 

backbone.layer4.2.bn2.bias - torch.Size([512]): 
PretrainedInit: load from https://download.openmmlab.com/mmclassification/v0/resnet/resnet50_8xb32_in1k_20210831-ea4938fc.pth 

backbone.layer4.2.conv3.weight - torch.Size([2048, 512, 1, 1]): 
PretrainedInit: load from https://download.openmmlab.com/mmclassification/v0/resnet/resnet50_8xb32_in1k_20210831-ea4938fc.pth 

backbone.layer4.2.bn3.weight - torch.Size([2048]): 
PretrainedInit: load from https://download.openmmlab.com/mmclassification/v0/resnet/resnet50_8xb32_in1k_20210831-ea4938fc.pth 

backbone.layer4.2.bn3.bias - torch.Size([2048]): 
PretrainedInit: load from https://download.openmmlab.com/mmclassification/v0/resnet/resnet50_8xb32_in1k_20210831-ea4938fc.pth 

head.fc.weight - torch.Size([30, 2048]): 
NormalInit: mean=0, std=0.01, bias=0 

head.fc.bias - torch.Size([30]): 
NormalInit: mean=0, std=0.01, bias=0 
2023/06/16 12:43:56 - mmengine - WARNING - "FileClient" will be deprecated in future. Please use io functions in https://mmengine.readthedocs.io/en/latest/api/fileio.html#file-io
2023/06/16 12:43:56 - mmengine - WARNING - "HardDiskBackend" is the alias of "LocalBackend" and the former will be deprecated in future.
2023/06/16 12:43:56 - mmengine - INFO - Checkpoints will be saved to /content/drive/MyDrive/MMPretrainHomework/exp.
2023/06/16 12:47:12 - mmengine - INFO - Exp name: resnet50_finetune_20230616_124324
2023/06/16 12:47:12 - mmengine - INFO - Epoch(train)   [1][91/91]  lr: 2.0000e-02  eta: 5:23:56  time: 1.8952  data_time: 1.6008  memory: 3093  loss: 2.7114
2023/06/16 12:47:55 - mmengine - INFO - Epoch(val) [1][19/19]    accuracy/top1: 18.0602  data_time: 2.1695  time: 2.2671
2023/06/16 12:47:56 - mmengine - INFO - The best checkpoint with 18.0602 accuracy/top1 at 1 epoch is saved to best_accuracy_top1_epoch_1.pth.
2023/06/16 12:48:24 - mmengine - INFO - Exp name: resnet50_finetune_20230616_124324
2023/06/16 12:48:24 - mmengine - INFO - Epoch(train)   [2][91/91]  lr: 2.0000e-02  eta: 3:02:49  time: 0.2911  data_time: 0.0008  memory: 3093  loss: 2.2095
2023/06/16 12:48:29 - mmengine - INFO - Epoch(val) [2][19/19]    accuracy/top1: 36.9565  data_time: 0.1423  time: 0.2399
2023/06/16 12:48:29 - mmengine - INFO - The previous best checkpoint /content/drive/MyDrive/MMPretrainHomework/exp/best_accuracy_top1_epoch_1.pth is removed
2023/06/16 12:48:30 - mmengine - INFO - The best checkpoint with 36.9565 accuracy/top1 at 2 epoch is saved to best_accuracy_top1_epoch_2.pth.
2023/06/16 12:48:59 - mmengine - INFO - Exp name: resnet50_finetune_20230616_124324
2023/06/16 12:48:59 - mmengine - INFO - Epoch(train)   [3][91/91]  lr: 2.0000e-02  eta: 2:15:58  time: 0.3013  data_time: 0.0008  memory: 3093  loss: 1.7682
2023/06/16 12:49:03 - mmengine - INFO - Epoch(val) [3][19/19]    accuracy/top1: 42.9766  data_time: 0.1442  time: 0.2385
2023/06/16 12:49:03 - mmengine - INFO - The previous best checkpoint /content/drive/MyDrive/MMPretrainHomework/exp/best_accuracy_top1_epoch_2.pth is removed
2023/06/16 12:49:05 - mmengine - INFO - The best checkpoint with 42.9766 accuracy/top1 at 3 epoch is saved to best_accuracy_top1_epoch_3.pth.
2023/06/16 12:49:34 - mmengine - INFO - Exp name: resnet50_finetune_20230616_124324
2023/06/16 12:49:34 - mmengine - INFO - Epoch(train)   [4][91/91]  lr: 2.0000e-02  eta: 1:52:35  time: 0.3058  data_time: 0.0009  memory: 3093  loss: 1.5659
2023/06/16 12:49:39 - mmengine - INFO - Epoch(val) [4][19/19]    accuracy/top1: 50.8361  data_time: 0.1370  time: 0.2341
2023/06/16 12:49:39 - mmengine - INFO - The previous best checkpoint /content/drive/MyDrive/MMPretrainHomework/exp/best_accuracy_top1_epoch_3.pth is removed
2023/06/16 12:49:40 - mmengine - INFO - The best checkpoint with 50.8361 accuracy/top1 at 4 epoch is saved to best_accuracy_top1_epoch_4.pth.
2023/06/16 12:50:08 - mmengine - INFO - Exp name: resnet50_finetune_20230616_124324
2023/06/16 12:50:08 - mmengine - INFO - Epoch(train)   [5][91/91]  lr: 2.0000e-02  eta: 1:38:08  time: 0.3012  data_time: 0.0010  memory: 3093  loss: 1.4504
2023/06/16 12:50:13 - mmengine - INFO - Epoch(val) [5][19/19]    accuracy/top1: 45.6522  data_time: 0.1358  time: 0.2322
2023/06/16 12:50:42 - mmengine - INFO - Exp name: resnet50_finetune_20230616_124324
2023/06/16 12:50:42 - mmengine - INFO - Epoch(train)   [6][91/91]  lr: 2.0000e-02  eta: 1:28:30  time: 0.3068  data_time: 0.0008  memory: 3093  loss: 1.1431
2023/06/16 12:50:47 - mmengine - INFO - Epoch(val) [6][19/19]    accuracy/top1: 61.0368  data_time: 0.1458  time: 0.2420
2023/06/16 12:50:47 - mmengine - INFO - The previous best checkpoint /content/drive/MyDrive/MMPretrainHomework/exp/best_accuracy_top1_epoch_4.pth is removed
2023/06/16 12:50:48 - mmengine - INFO - The best checkpoint with 61.0368 accuracy/top1 at 6 epoch is saved to best_accuracy_top1_epoch_6.pth.
2023/06/16 12:51:17 - mmengine - INFO - Exp name: resnet50_finetune_20230616_124324
2023/06/16 12:51:17 - mmengine - INFO - Epoch(train)   [7][91/91]  lr: 2.0000e-02  eta: 1:21:28  time: 0.3031  data_time: 0.0008  memory: 3093  loss: 1.2658
2023/06/16 12:51:22 - mmengine - INFO - Epoch(val) [7][19/19]    accuracy/top1: 66.8896  data_time: 0.1464  time: 0.2432
2023/06/16 12:51:22 - mmengine - INFO - The previous best checkpoint /content/drive/MyDrive/MMPretrainHomework/exp/best_accuracy_top1_epoch_6.pth is removed
2023/06/16 12:51:24 - mmengine - INFO - The best checkpoint with 66.8896 accuracy/top1 at 7 epoch is saved to best_accuracy_top1_epoch_7.pth.
2023/06/16 12:51:54 - mmengine - INFO - Exp name: resnet50_finetune_20230616_124324
2023/06/16 12:51:54 - mmengine - INFO - Epoch(train)   [8][91/91]  lr: 2.0000e-02  eta: 1:16:11  time: 0.3064  data_time: 0.0009  memory: 3093  loss: 1.0321
2023/06/16 12:51:58 - mmengine - INFO - Epoch(val) [8][19/19]    accuracy/top1: 69.7324  data_time: 0.1335  time: 0.2281
2023/06/16 12:51:58 - mmengine - INFO - The previous best checkpoint /content/drive/MyDrive/MMPretrainHomework/exp/best_accuracy_top1_epoch_7.pth is removed
2023/06/16 12:51:59 - mmengine - INFO - The best checkpoint with 69.7324 accuracy/top1 at 8 epoch is saved to best_accuracy_top1_epoch_8.pth.
2023/06/16 12:52:28 - mmengine - INFO - Exp name: resnet50_finetune_20230616_124324
2023/06/16 12:52:28 - mmengine - INFO - Epoch(train)   [9][91/91]  lr: 2.0000e-02  eta: 1:11:51  time: 0.3062  data_time: 0.0009  memory: 3093  loss: 0.9528
2023/06/16 12:52:33 - mmengine - INFO - Epoch(val) [9][19/19]    accuracy/top1: 69.3980  data_time: 0.1325  time: 0.2283
2023/06/16 12:53:02 - mmengine - INFO - Exp name: resnet50_finetune_20230616_124324
2023/06/16 12:53:02 - mmengine - INFO - Epoch(train)  [10][91/91]  lr: 2.0000e-02  eta: 1:08:17  time: 0.3022  data_time: 0.0008  memory: 3093  loss: 0.9566
2023/06/16 12:53:02 - mmengine - INFO - Saving checkpoint at 10 epochs
2023/06/16 12:53:08 - mmengine - INFO - Epoch(val) [10][19/19]    accuracy/top1: 75.9197  data_time: 0.1256  time: 0.2243
2023/06/16 12:53:09 - mmengine - INFO - The previous best checkpoint /content/drive/MyDrive/MMPretrainHomework/exp/best_accuracy_top1_epoch_8.pth is removed
2023/06/16 12:53:10 - mmengine - INFO - The best checkpoint with 75.9197 accuracy/top1 at 10 epoch is saved to best_accuracy_top1_epoch_10.pth.
2023/06/16 12:53:40 - mmengine - INFO - Exp name: resnet50_finetune_20230616_124324
2023/06/16 12:53:41 - mmengine - INFO - Exp name: resnet50_finetune_20230616_124324
2023/06/16 12:53:41 - mmengine - INFO - Epoch(train)  [11][91/91]  lr: 2.0000e-02  eta: 1:05:20  time: 0.3128  data_time: 0.0010  memory: 3093  loss: 0.8945
2023/06/16 12:53:44 - mmengine - INFO - Epoch(val) [11][19/19]    accuracy/top1: 73.2441  data_time: 0.0996  time: 0.1943
2023/06/16 12:54:13 - mmengine - INFO - Exp name: resnet50_finetune_20230616_124324
2023/06/16 12:54:13 - mmengine - INFO - Epoch(train)  [12][91/91]  lr: 2.0000e-02  eta: 1:02:45  time: 0.3022  data_time: 0.0009  memory: 3093  loss: 0.7552
2023/06/16 12:54:18 - mmengine - INFO - Epoch(val) [12][19/19]    accuracy/top1: 78.4281  data_time: 0.1274  time: 0.2245
2023/06/16 12:54:18 - mmengine - INFO - The previous best checkpoint /content/drive/MyDrive/MMPretrainHomework/exp/best_accuracy_top1_epoch_10.pth is removed
2023/06/16 12:54:19 - mmengine - INFO - The best checkpoint with 78.4281 accuracy/top1 at 12 epoch is saved to best_accuracy_top1_epoch_12.pth.
2023/06/16 12:54:49 - mmengine - INFO - Exp name: resnet50_finetune_20230616_124324
2023/06/16 12:54:49 - mmengine - INFO - Epoch(train)  [13][91/91]  lr: 2.0000e-02  eta: 1:00:28  time: 0.3078  data_time: 0.0009  memory: 3093  loss: 0.6925
2023/06/16 12:54:54 - mmengine - INFO - Epoch(val) [13][19/19]    accuracy/top1: 78.9298  data_time: 0.1227  time: 0.2207
2023/06/16 12:54:54 - mmengine - INFO - The previous best checkpoint /content/drive/MyDrive/MMPretrainHomework/exp/best_accuracy_top1_epoch_12.pth is removed
2023/06/16 12:54:55 - mmengine - INFO - The best checkpoint with 78.9298 accuracy/top1 at 13 epoch is saved to best_accuracy_top1_epoch_13.pth.
2023/06/16 12:55:25 - mmengine - INFO - Exp name: resnet50_finetune_20230616_124324
2023/06/16 12:55:25 - mmengine - INFO - Epoch(train)  [14][91/91]  lr: 2.0000e-02  eta: 0:58:28  time: 0.3069  data_time: 0.0011  memory: 3093  loss: 0.7496
2023/06/16 12:55:31 - mmengine - INFO - Epoch(val) [14][19/19]    accuracy/top1: 77.4248  data_time: 0.1055  time: 0.2685
2023/06/16 12:56:00 - mmengine - INFO - Exp name: resnet50_finetune_20230616_124324
2023/06/16 12:56:00 - mmengine - INFO - Epoch(train)  [15][91/91]  lr: 2.0000e-02  eta: 0:56:41  time: 0.3021  data_time: 0.0008  memory: 3093  loss: 0.6545
2023/06/16 12:56:04 - mmengine - INFO - Epoch(val) [15][19/19]    accuracy/top1: 78.0936  data_time: 0.1143  time: 0.2093
2023/06/16 12:56:34 - mmengine - INFO - Exp name: resnet50_finetune_20230616_124324
2023/06/16 12:56:34 - mmengine - INFO - Epoch(train)  [16][91/91]  lr: 2.0000e-02  eta: 0:55:07  time: 0.3069  data_time: 0.0008  memory: 3093  loss: 0.5431
2023/06/16 12:56:36 - mmengine - INFO - Epoch(val) [16][19/19]    accuracy/top1: 80.2676  data_time: 0.0574  time: 0.1481
2023/06/16 12:56:36 - mmengine - INFO - The previous best checkpoint /content/drive/MyDrive/MMPretrainHomework/exp/best_accuracy_top1_epoch_13.pth is removed
2023/06/16 12:56:38 - mmengine - INFO - The best checkpoint with 80.2676 accuracy/top1 at 16 epoch is saved to best_accuracy_top1_epoch_16.pth.
2023/06/16 12:57:10 - mmengine - INFO - Exp name: resnet50_finetune_20230616_124324
2023/06/16 12:57:10 - mmengine - INFO - Epoch(train)  [17][91/91]  lr: 2.0000e-02  eta: 0:53:39  time: 0.3049  data_time: 0.0008  memory: 3093  loss: 0.5502
2023/06/16 12:57:13 - mmengine - INFO - Epoch(val) [17][19/19]    accuracy/top1: 79.7659  data_time: 0.0818  time: 0.1746
2023/06/16 12:57:43 - mmengine - INFO - Exp name: resnet50_finetune_20230616_124324
2023/06/16 12:57:43 - mmengine - INFO - Epoch(train)  [18][91/91]  lr: 2.0000e-02  eta: 0:52:19  time: 0.3050  data_time: 0.0012  memory: 3093  loss: 0.5493
2023/06/16 12:57:46 - mmengine - INFO - Epoch(val) [18][19/19]    accuracy/top1: 77.5920  data_time: 0.0578  time: 0.1507
2023/06/16 12:58:15 - mmengine - INFO - Exp name: resnet50_finetune_20230616_124324
2023/06/16 12:58:15 - mmengine - INFO - Epoch(train)  [19][91/91]  lr: 2.0000e-02  eta: 0:51:01  time: 0.3023  data_time: 0.0007  memory: 3093  loss: 0.5379
2023/06/16 12:58:18 - mmengine - INFO - Epoch(val) [19][19/19]    accuracy/top1: 81.6054  data_time: 0.0558  time: 0.1465
2023/06/16 12:58:18 - mmengine - INFO - The previous best checkpoint /content/drive/MyDrive/MMPretrainHomework/exp/best_accuracy_top1_epoch_16.pth is removed
2023/06/16 12:58:19 - mmengine - INFO - The best checkpoint with 81.6054 accuracy/top1 at 19 epoch is saved to best_accuracy_top1_epoch_19.pth.
2023/06/16 12:58:50 - mmengine - INFO - Exp name: resnet50_finetune_20230616_124324
2023/06/16 12:58:50 - mmengine - INFO - Epoch(train)  [20][91/91]  lr: 2.0000e-02  eta: 0:49:50  time: 0.3052  data_time: 0.0008  memory: 3093  loss: 0.4919
2023/06/16 12:58:50 - mmengine - INFO - Saving checkpoint at 20 epochs
2023/06/16 12:58:54 - mmengine - INFO - Epoch(val) [20][19/19]    accuracy/top1: 77.2575  data_time: 0.0542  time: 0.1470
2023/06/16 12:59:23 - mmengine - INFO - Exp name: resnet50_finetune_20230616_124324
2023/06/16 12:59:24 - mmengine - INFO - Epoch(train)  [21][91/91]  lr: 2.0000e-02  eta: 0:48:41  time: 0.3060  data_time: 0.0015  memory: 3093  loss: 0.5537
2023/06/16 12:59:28 - mmengine - INFO - Epoch(val) [21][19/19]    accuracy/top1: 81.6054  data_time: 0.1320  time: 0.2282
2023/06/16 12:59:56 - mmengine - INFO - Exp name: resnet50_finetune_20230616_124324
2023/06/16 12:59:57 - mmengine - INFO - Exp name: resnet50_finetune_20230616_124324
2023/06/16 12:59:57 - mmengine - INFO - Epoch(train)  [22][91/91]  lr: 2.0000e-02  eta: 0:47:35  time: 0.3041  data_time: 0.0010  memory: 3093  loss: 0.5900
2023/06/16 13:00:00 - mmengine - INFO - Epoch(val) [22][19/19]    accuracy/top1: 84.2809  data_time: 0.0917  time: 0.1865
2023/06/16 13:00:01 - mmengine - INFO - The previous best checkpoint /content/drive/MyDrive/MMPretrainHomework/exp/best_accuracy_top1_epoch_19.pth is removed
2023/06/16 13:00:02 - mmengine - INFO - The best checkpoint with 84.2809 accuracy/top1 at 22 epoch is saved to best_accuracy_top1_epoch_22.pth.
2023/06/16 13:00:32 - mmengine - INFO - Exp name: resnet50_finetune_20230616_124324
2023/06/16 13:00:32 - mmengine - INFO - Epoch(train)  [23][91/91]  lr: 2.0000e-02  eta: 0:46:33  time: 0.3073  data_time: 0.0016  memory: 3093  loss: 0.5421
2023/06/16 13:00:36 - mmengine - INFO - Epoch(val) [23][19/19]    accuracy/top1: 81.2709  data_time: 0.0899  time: 0.1861
2023/06/16 13:01:04 - mmengine - INFO - Exp name: resnet50_finetune_20230616_124324
2023/06/16 13:01:04 - mmengine - INFO - Epoch(train)  [24][91/91]  lr: 2.0000e-02  eta: 0:45:33  time: 0.3045  data_time: 0.0010  memory: 3093  loss: 0.3717
2023/06/16 13:01:09 - mmengine - INFO - Epoch(val) [24][19/19]    accuracy/top1: 84.1137  data_time: 0.1213  time: 0.2159
2023/06/16 13:01:37 - mmengine - INFO - Exp name: resnet50_finetune_20230616_124324
2023/06/16 13:01:37 - mmengine - INFO - Epoch(train)  [25][91/91]  lr: 2.0000e-02  eta: 0:44:35  time: 0.3039  data_time: 0.0009  memory: 3093  loss: 0.3642
2023/06/16 13:01:42 - mmengine - INFO - Epoch(val) [25][19/19]    accuracy/top1: 82.1070  data_time: 0.1356  time: 0.2268
2023/06/16 13:02:11 - mmengine - INFO - Exp name: resnet50_finetune_20230616_124324
2023/06/16 13:02:11 - mmengine - INFO - Epoch(train)  [26][91/91]  lr: 2.0000e-02  eta: 0:43:41  time: 0.3050  data_time: 0.0008  memory: 3093  loss: 0.3682
2023/06/16 13:02:16 - mmengine - INFO - Epoch(val) [26][19/19]    accuracy/top1: 81.9398  data_time: 0.1395  time: 0.2377
2023/06/16 13:02:45 - mmengine - INFO - Exp name: resnet50_finetune_20230616_124324
2023/06/16 13:02:45 - mmengine - INFO - Epoch(train)  [27][91/91]  lr: 2.0000e-02  eta: 0:42:48  time: 0.3046  data_time: 0.0008  memory: 3093  loss: 0.3624
2023/06/16 13:02:49 - mmengine - INFO - Epoch(val) [27][19/19]    accuracy/top1: 84.1137  data_time: 0.0950  time: 0.1869
2023/06/16 13:03:18 - mmengine - INFO - Exp name: resnet50_finetune_20230616_124324
2023/06/16 13:03:18 - mmengine - INFO - Epoch(train)  [28][91/91]  lr: 2.0000e-02  eta: 0:41:58  time: 0.3028  data_time: 0.0009  memory: 3093  loss: 0.3322
2023/06/16 13:03:22 - mmengine - INFO - Epoch(val) [28][19/19]    accuracy/top1: 85.6187  data_time: 0.1420  time: 0.2348
2023/06/16 13:03:22 - mmengine - INFO - The previous best checkpoint /content/drive/MyDrive/MMPretrainHomework/exp/best_accuracy_top1_epoch_22.pth is removed
2023/06/16 13:03:24 - mmengine - INFO - The best checkpoint with 85.6187 accuracy/top1 at 28 epoch is saved to best_accuracy_top1_epoch_28.pth.
2023/06/16 13:03:56 - mmengine - INFO - Exp name: resnet50_finetune_20230616_124324
2023/06/16 13:03:56 - mmengine - INFO - Epoch(train)  [29][91/91]  lr: 2.0000e-02  eta: 0:41:09  time: 0.3090  data_time: 0.0008  memory: 3093  loss: 0.3654
2023/06/16 13:04:00 - mmengine - INFO - Epoch(val) [29][19/19]    accuracy/top1: 84.7826  data_time: 0.1051  time: 0.1990
2023/06/16 13:04:29 - mmengine - INFO - Exp name: resnet50_finetune_20230616_124324
2023/06/16 13:04:29 - mmengine - INFO - Epoch(train)  [30][91/91]  lr: 2.0000e-02  eta: 0:40:22  time: 0.3024  data_time: 0.0008  memory: 3093  loss: 0.2574
2023/06/16 13:04:29 - mmengine - INFO - Saving checkpoint at 30 epochs
2023/06/16 13:04:34 - mmengine - INFO - Epoch(val) [30][19/19]    accuracy/top1: 84.6154  data_time: 0.0819  time: 0.1783
2023/06/16 13:05:03 - mmengine - INFO - Exp name: resnet50_finetune_20230616_124324
2023/06/16 13:05:03 - mmengine - INFO - Epoch(train)  [31][91/91]  lr: 2.0000e-03  eta: 0:39:35  time: 0.3030  data_time: 0.0008  memory: 3093  loss: 0.2275
2023/06/16 13:05:06 - mmengine - INFO - Epoch(val) [31][19/19]    accuracy/top1: 88.9632  data_time: 0.0523  time: 0.1425
2023/06/16 13:05:06 - mmengine - INFO - The previous best checkpoint /content/drive/MyDrive/MMPretrainHomework/exp/best_accuracy_top1_epoch_28.pth is removed
2023/06/16 13:05:07 - mmengine - INFO - The best checkpoint with 88.9632 accuracy/top1 at 31 epoch is saved to best_accuracy_top1_epoch_31.pth.
2023/06/16 13:05:39 - mmengine - INFO - Exp name: resnet50_finetune_20230616_124324
2023/06/16 13:05:39 - mmengine - INFO - Epoch(train)  [32][91/91]  lr: 2.0000e-03  eta: 0:38:50  time: 0.3057  data_time: 0.0008  memory: 3093  loss: 0.2354
2023/06/16 13:05:41 - mmengine - INFO - Epoch(val) [32][19/19]    accuracy/top1: 88.9632  data_time: 0.0499  time: 0.1401
2023/06/16 13:06:10 - mmengine - INFO - Exp name: resnet50_finetune_20230616_124324
2023/06/16 13:06:11 - mmengine - INFO - Exp name: resnet50_finetune_20230616_124324
2023/06/16 13:06:11 - mmengine - INFO - Epoch(train)  [33][91/91]  lr: 2.0000e-03  eta: 0:38:05  time: 0.3029  data_time: 0.0008  memory: 3093  loss: 0.1313
2023/06/16 13:06:13 - mmengine - INFO - Epoch(val) [33][19/19]    accuracy/top1: 89.9666  data_time: 0.0443  time: 0.1375
2023/06/16 13:06:13 - mmengine - INFO - The previous best checkpoint /content/drive/MyDrive/MMPretrainHomework/exp/best_accuracy_top1_epoch_31.pth is removed
2023/06/16 13:06:14 - mmengine - INFO - The best checkpoint with 89.9666 accuracy/top1 at 33 epoch is saved to best_accuracy_top1_epoch_33.pth.
2023/06/16 13:06:45 - mmengine - INFO - Exp name: resnet50_finetune_20230616_124324
2023/06/16 13:06:45 - mmengine - INFO - Epoch(train)  [34][91/91]  lr: 2.0000e-03  eta: 0:37:21  time: 0.3043  data_time: 0.0008  memory: 3093  loss: 0.1872
2023/06/16 13:06:48 - mmengine - INFO - Epoch(val) [34][19/19]    accuracy/top1: 89.6321  data_time: 0.0599  time: 0.1497
2023/06/16 13:07:17 - mmengine - INFO - Exp name: resnet50_finetune_20230616_124324
2023/06/16 13:07:17 - mmengine - INFO - Epoch(train)  [35][91/91]  lr: 2.0000e-03  eta: 0:36:38  time: 0.3041  data_time: 0.0009  memory: 3093  loss: 0.1653
2023/06/16 13:07:21 - mmengine - INFO - Epoch(val) [35][19/19]    accuracy/top1: 89.9666  data_time: 0.1384  time: 0.2311
2023/06/16 13:07:50 - mmengine - INFO - Exp name: resnet50_finetune_20230616_124324
2023/06/16 13:07:50 - mmengine - INFO - Epoch(train)  [36][91/91]  lr: 2.0000e-03  eta: 0:35:56  time: 0.3044  data_time: 0.0009  memory: 3093  loss: 0.1881
2023/06/16 13:07:53 - mmengine - INFO - Epoch(val) [36][19/19]    accuracy/top1: 89.2977  data_time: 0.0537  time: 0.1425
2023/06/16 13:08:22 - mmengine - INFO - Exp name: resnet50_finetune_20230616_124324
2023/06/16 13:08:22 - mmengine - INFO - Epoch(train)  [37][91/91]  lr: 2.0000e-03  eta: 0:35:14  time: 0.3052  data_time: 0.0009  memory: 3093  loss: 0.1701
2023/06/16 13:08:25 - mmengine - INFO - Epoch(val) [37][19/19]    accuracy/top1: 90.1338  data_time: 0.0702  time: 0.1625
2023/06/16 13:08:25 - mmengine - INFO - The previous best checkpoint /content/drive/MyDrive/MMPretrainHomework/exp/best_accuracy_top1_epoch_33.pth is removed
2023/06/16 13:08:26 - mmengine - INFO - The best checkpoint with 90.1338 accuracy/top1 at 37 epoch is saved to best_accuracy_top1_epoch_37.pth.
2023/06/16 13:08:57 - mmengine - INFO - Exp name: resnet50_finetune_20230616_124324
2023/06/16 13:08:57 - mmengine - INFO - Epoch(train)  [38][91/91]  lr: 2.0000e-03  eta: 0:34:33  time: 0.3066  data_time: 0.0009  memory: 3093  loss: 0.1425
2023/06/16 13:09:00 - mmengine - INFO - Epoch(val) [38][19/19]    accuracy/top1: 89.7993  data_time: 0.0708  time: 0.1639
2023/06/16 13:09:29 - mmengine - INFO - Exp name: resnet50_finetune_20230616_124324
2023/06/16 13:09:29 - mmengine - INFO - Epoch(train)  [39][91/91]  lr: 2.0000e-03  eta: 0:33:52  time: 0.3044  data_time: 0.0009  memory: 3093  loss: 0.1353
2023/06/16 13:09:33 - mmengine - INFO - Epoch(val) [39][19/19]    accuracy/top1: 89.9666  data_time: 0.1124  time: 0.2065
2023/06/16 13:10:02 - mmengine - INFO - Exp name: resnet50_finetune_20230616_124324
2023/06/16 13:10:02 - mmengine - INFO - Epoch(train)  [40][91/91]  lr: 2.0000e-03  eta: 0:33:12  time: 0.3038  data_time: 0.0009  memory: 3093  loss: 0.1336
2023/06/16 13:10:02 - mmengine - INFO - Saving checkpoint at 40 epochs
2023/06/16 13:10:08 - mmengine - INFO - Epoch(val) [40][19/19]    accuracy/top1: 89.2977  data_time: 0.0997  time: 0.1938
2023/06/16 13:10:36 - mmengine - INFO - Exp name: resnet50_finetune_20230616_124324
2023/06/16 13:10:36 - mmengine - INFO - Epoch(train)  [41][91/91]  lr: 2.0000e-03  eta: 0:32:32  time: 0.3057  data_time: 0.0010  memory: 3093  loss: 0.1108
2023/06/16 13:10:41 - mmengine - INFO - Epoch(val) [41][19/19]    accuracy/top1: 89.9666  data_time: 0.1186  time: 0.2154
2023/06/16 13:11:10 - mmengine - INFO - Exp name: resnet50_finetune_20230616_124324
2023/06/16 13:11:10 - mmengine - INFO - Epoch(train)  [42][91/91]  lr: 2.0000e-03  eta: 0:31:54  time: 0.3033  data_time: 0.0008  memory: 3093  loss: 0.1196
2023/06/16 13:11:14 - mmengine - INFO - Epoch(val) [42][19/19]    accuracy/top1: 89.6321  data_time: 0.1329  time: 0.2305
2023/06/16 13:11:44 - mmengine - INFO - Exp name: resnet50_finetune_20230616_124324
2023/06/16 13:11:44 - mmengine - INFO - Epoch(train)  [43][91/91]  lr: 2.0000e-03  eta: 0:31:16  time: 0.3045  data_time: 0.0008  memory: 3093  loss: 0.1327
2023/06/16 13:11:48 - mmengine - INFO - Epoch(val) [43][19/19]    accuracy/top1: 90.1338  data_time: 0.1084  time: 0.2033
2023/06/16 13:12:16 - mmengine - INFO - Exp name: resnet50_finetune_20230616_124324
2023/06/16 13:12:17 - mmengine - INFO - Exp name: resnet50_finetune_20230616_124324
2023/06/16 13:12:17 - mmengine - INFO - Epoch(train)  [44][91/91]  lr: 2.0000e-03  eta: 0:30:39  time: 0.3043  data_time: 0.0009  memory: 3093  loss: 0.1660
2023/06/16 13:12:20 - mmengine - INFO - Epoch(val) [44][19/19]    accuracy/top1: 90.6355  data_time: 0.0567  time: 0.1496
2023/06/16 13:12:20 - mmengine - INFO - The previous best checkpoint /content/drive/MyDrive/MMPretrainHomework/exp/best_accuracy_top1_epoch_37.pth is removed
2023/06/16 13:12:22 - mmengine - INFO - The best checkpoint with 90.6355 accuracy/top1 at 44 epoch is saved to best_accuracy_top1_epoch_44.pth.
2023/06/16 13:12:53 - mmengine - INFO - Exp name: resnet50_finetune_20230616_124324
2023/06/16 13:12:53 - mmengine - INFO - Epoch(train)  [45][91/91]  lr: 2.0000e-03  eta: 0:30:01  time: 0.3060  data_time: 0.0008  memory: 3093  loss: 0.1389
2023/06/16 13:12:57 - mmengine - INFO - Epoch(val) [45][19/19]    accuracy/top1: 90.9699  data_time: 0.0934  time: 0.1887
2023/06/16 13:12:57 - mmengine - INFO - The previous best checkpoint /content/drive/MyDrive/MMPretrainHomework/exp/best_accuracy_top1_epoch_44.pth is removed
2023/06/16 13:12:58 - mmengine - INFO - The best checkpoint with 90.9699 accuracy/top1 at 45 epoch is saved to best_accuracy_top1_epoch_45.pth.
2023/06/16 13:13:29 - mmengine - INFO - Exp name: resnet50_finetune_20230616_124324
2023/06/16 13:13:29 - mmengine - INFO - Epoch(train)  [46][91/91]  lr: 2.0000e-03  eta: 0:29:24  time: 0.3046  data_time: 0.0009  memory: 3093  loss: 0.1492
2023/06/16 13:13:34 - mmengine - INFO - Epoch(val) [46][19/19]    accuracy/top1: 90.1338  data_time: 0.1225  time: 0.2183
2023/06/16 13:14:03 - mmengine - INFO - Exp name: resnet50_finetune_20230616_124324
2023/06/16 13:14:03 - mmengine - INFO - Epoch(train)  [47][91/91]  lr: 2.0000e-03  eta: 0:28:48  time: 0.3029  data_time: 0.0008  memory: 3093  loss: 0.0868
2023/06/16 13:14:07 - mmengine - INFO - Epoch(val) [47][19/19]    accuracy/top1: 90.6355  data_time: 0.1259  time: 0.2213
2023/06/16 13:14:37 - mmengine - INFO - Exp name: resnet50_finetune_20230616_124324
2023/06/16 13:14:37 - mmengine - INFO - Epoch(train)  [48][91/91]  lr: 2.0000e-03  eta: 0:28:11  time: 0.3045  data_time: 0.0008  memory: 3093  loss: 0.1408
2023/06/16 13:14:40 - mmengine - INFO - Epoch(val) [48][19/19]    accuracy/top1: 90.8027  data_time: 0.0869  time: 0.1815
2023/06/16 13:15:09 - mmengine - INFO - Exp name: resnet50_finetune_20230616_124324
2023/06/16 13:15:09 - mmengine - INFO - Epoch(train)  [49][91/91]  lr: 2.0000e-03  eta: 0:27:35  time: 0.3044  data_time: 0.0008  memory: 3093  loss: 0.0563
2023/06/16 13:15:12 - mmengine - INFO - Epoch(val) [49][19/19]    accuracy/top1: 90.3010  data_time: 0.0468  time: 0.1403
2023/06/16 13:15:41 - mmengine - INFO - Exp name: resnet50_finetune_20230616_124324
2023/06/16 13:15:41 - mmengine - INFO - Epoch(train)  [50][91/91]  lr: 2.0000e-03  eta: 0:27:00  time: 0.3037  data_time: 0.0009  memory: 3093  loss: 0.1546
2023/06/16 13:15:41 - mmengine - INFO - Saving checkpoint at 50 epochs
2023/06/16 13:15:46 - mmengine - INFO - Epoch(val) [50][19/19]    accuracy/top1: 90.3010  data_time: 0.0454  time: 0.1391
2023/06/16 13:16:14 - mmengine - INFO - Exp name: resnet50_finetune_20230616_124324
2023/06/16 13:16:14 - mmengine - INFO - Epoch(train)  [51][91/91]  lr: 2.0000e-03  eta: 0:26:24  time: 0.3059  data_time: 0.0009  memory: 3093  loss: 0.0610
2023/06/16 13:16:18 - mmengine - INFO - Epoch(val) [51][19/19]    accuracy/top1: 90.3010  data_time: 0.0802  time: 0.1709
2023/06/16 13:16:46 - mmengine - INFO - Exp name: resnet50_finetune_20230616_124324
2023/06/16 13:16:46 - mmengine - INFO - Epoch(train)  [52][91/91]  lr: 2.0000e-03  eta: 0:25:48  time: 0.3043  data_time: 0.0010  memory: 3093  loss: 0.1079
2023/06/16 13:16:51 - mmengine - INFO - Epoch(val) [52][19/19]    accuracy/top1: 90.4682  data_time: 0.1190  time: 0.2132
2023/06/16 13:17:19 - mmengine - INFO - Exp name: resnet50_finetune_20230616_124324
2023/06/16 13:17:19 - mmengine - INFO - Epoch(train)  [53][91/91]  lr: 2.0000e-03  eta: 0:25:13  time: 0.3039  data_time: 0.0009  memory: 3093  loss: 0.0882
2023/06/16 13:17:24 - mmengine - INFO - Epoch(val) [53][19/19]    accuracy/top1: 90.4682  data_time: 0.1247  time: 0.2194
2023/06/16 13:17:53 - mmengine - INFO - Exp name: resnet50_finetune_20230616_124324
2023/06/16 13:17:53 - mmengine - INFO - Epoch(train)  [54][91/91]  lr: 2.0000e-03  eta: 0:24:38  time: 0.3045  data_time: 0.0008  memory: 3093  loss: 0.1182
2023/06/16 13:17:57 - mmengine - INFO - Epoch(val) [54][19/19]    accuracy/top1: 90.3010  data_time: 0.1270  time: 0.2240
2023/06/16 13:18:25 - mmengine - INFO - Exp name: resnet50_finetune_20230616_124324
2023/06/16 13:18:26 - mmengine - INFO - Exp name: resnet50_finetune_20230616_124324
2023/06/16 13:18:26 - mmengine - INFO - Epoch(train)  [55][91/91]  lr: 2.0000e-03  eta: 0:24:03  time: 0.3040  data_time: 0.0009  memory: 3093  loss: 0.1051
2023/06/16 13:18:31 - mmengine - INFO - Epoch(val) [55][19/19]    accuracy/top1: 89.9666  data_time: 0.1217  time: 0.2200
2023/06/16 13:19:00 - mmengine - INFO - Exp name: resnet50_finetune_20230616_124324
2023/06/16 13:19:00 - mmengine - INFO - Epoch(train)  [56][91/91]  lr: 2.0000e-03  eta: 0:23:29  time: 0.3039  data_time: 0.0007  memory: 3093  loss: 0.0997
2023/06/16 13:19:03 - mmengine - INFO - Epoch(val) [56][19/19]    accuracy/top1: 90.6355  data_time: 0.0922  time: 0.1836
2023/06/16 13:19:33 - mmengine - INFO - Exp name: resnet50_finetune_20230616_124324
2023/06/16 13:19:33 - mmengine - INFO - Epoch(train)  [57][91/91]  lr: 2.0000e-03  eta: 0:22:55  time: 0.3032  data_time: 0.0009  memory: 3093  loss: 0.1136
2023/06/16 13:19:36 - mmengine - INFO - Epoch(val) [57][19/19]    accuracy/top1: 90.1338  data_time: 0.0512  time: 0.1409
2023/06/16 13:20:05 - mmengine - INFO - Exp name: resnet50_finetune_20230616_124324
2023/06/16 13:20:05 - mmengine - INFO - Epoch(train)  [58][91/91]  lr: 2.0000e-03  eta: 0:22:20  time: 0.3045  data_time: 0.0010  memory: 3093  loss: 0.1138
2023/06/16 13:20:07 - mmengine - INFO - Epoch(val) [58][19/19]    accuracy/top1: 90.6355  data_time: 0.0519  time: 0.1411
2023/06/16 13:20:36 - mmengine - INFO - Exp name: resnet50_finetune_20230616_124324
2023/06/16 13:20:36 - mmengine - INFO - Epoch(train)  [59][91/91]  lr: 2.0000e-03  eta: 0:21:46  time: 0.3049  data_time: 0.0009  memory: 3093  loss: 0.0629
2023/06/16 13:20:39 - mmengine - INFO - Epoch(val) [59][19/19]    accuracy/top1: 90.9699  data_time: 0.0778  time: 0.1702
2023/06/16 13:21:08 - mmengine - INFO - Exp name: resnet50_finetune_20230616_124324
2023/06/16 13:21:08 - mmengine - INFO - Epoch(train)  [60][91/91]  lr: 2.0000e-03  eta: 0:21:12  time: 0.3044  data_time: 0.0009  memory: 3093  loss: 0.0942
2023/06/16 13:21:08 - mmengine - INFO - Saving checkpoint at 60 epochs
2023/06/16 13:21:13 - mmengine - INFO - Epoch(val) [60][19/19]    accuracy/top1: 90.8027  data_time: 0.0727  time: 0.1661
2023/06/16 13:21:42 - mmengine - INFO - Exp name: resnet50_finetune_20230616_124324
2023/06/16 13:21:42 - mmengine - INFO - Epoch(train)  [61][91/91]  lr: 2.0000e-04  eta: 0:20:38  time: 0.3056  data_time: 0.0010  memory: 3093  loss: 0.1054
2023/06/16 13:21:46 - mmengine - INFO - Epoch(val) [61][19/19]    accuracy/top1: 91.3043  data_time: 0.1132  time: 0.2099
2023/06/16 13:21:46 - mmengine - INFO - The previous best checkpoint /content/drive/MyDrive/MMPretrainHomework/exp/best_accuracy_top1_epoch_45.pth is removed
2023/06/16 13:21:47 - mmengine - INFO - The best checkpoint with 91.3043 accuracy/top1 at 61 epoch is saved to best_accuracy_top1_epoch_61.pth.
2023/06/16 13:22:17 - mmengine - INFO - Exp name: resnet50_finetune_20230616_124324
2023/06/16 13:22:17 - mmengine - INFO - Epoch(train)  [62][91/91]  lr: 2.0000e-04  eta: 0:20:05  time: 0.3052  data_time: 0.0009  memory: 3093  loss: 0.1082
2023/06/16 13:22:21 - mmengine - INFO - Epoch(val) [62][19/19]    accuracy/top1: 90.6355  data_time: 0.0937  time: 0.1876
2023/06/16 13:22:49 - mmengine - INFO - Exp name: resnet50_finetune_20230616_124324
2023/06/16 13:22:49 - mmengine - INFO - Epoch(train)  [63][91/91]  lr: 2.0000e-04  eta: 0:19:31  time: 0.3033  data_time: 0.0010  memory: 3093  loss: 0.1244
2023/06/16 13:22:54 - mmengine - INFO - Epoch(val) [63][19/19]    accuracy/top1: 90.8027  data_time: 0.1219  time: 0.2167
2023/06/16 13:23:22 - mmengine - INFO - Exp name: resnet50_finetune_20230616_124324
2023/06/16 13:23:22 - mmengine - INFO - Epoch(train)  [64][91/91]  lr: 2.0000e-04  eta: 0:18:58  time: 0.3048  data_time: 0.0008  memory: 3093  loss: 0.1142
2023/06/16 13:23:27 - mmengine - INFO - Epoch(val) [64][19/19]    accuracy/top1: 90.4682  data_time: 0.1363  time: 0.2320
2023/06/16 13:23:57 - mmengine - INFO - Exp name: resnet50_finetune_20230616_124324
2023/06/16 13:23:57 - mmengine - INFO - Epoch(train)  [65][91/91]  lr: 2.0000e-04  eta: 0:18:25  time: 0.3044  data_time: 0.0008  memory: 3093  loss: 0.0635
2023/06/16 13:24:01 - mmengine - INFO - Epoch(val) [65][19/19]    accuracy/top1: 90.4682  data_time: 0.0959  time: 0.1886
2023/06/16 13:24:28 - mmengine - INFO - Exp name: resnet50_finetune_20230616_124324
2023/06/16 13:24:30 - mmengine - INFO - Exp name: resnet50_finetune_20230616_124324
2023/06/16 13:24:30 - mmengine - INFO - Epoch(train)  [66][91/91]  lr: 2.0000e-04  eta: 0:17:52  time: 0.3047  data_time: 0.0009  memory: 3093  loss: 0.0702
2023/06/16 13:24:33 - mmengine - INFO - Epoch(val) [66][19/19]    accuracy/top1: 90.9699  data_time: 0.0562  time: 0.1471
2023/06/16 13:25:02 - mmengine - INFO - Exp name: resnet50_finetune_20230616_124324
2023/06/16 13:25:02 - mmengine - INFO - Epoch(train)  [67][91/91]  lr: 2.0000e-04  eta: 0:17:20  time: 0.3031  data_time: 0.0007  memory: 3093  loss: 0.0658
2023/06/16 13:25:05 - mmengine - INFO - Epoch(val) [67][19/19]    accuracy/top1: 91.1371  data_time: 0.0529  time: 0.1428
2023/06/16 13:25:33 - mmengine - INFO - Exp name: resnet50_finetune_20230616_124324
2023/06/16 13:25:33 - mmengine - INFO - Epoch(train)  [68][91/91]  lr: 2.0000e-04  eta: 0:16:47  time: 0.3044  data_time: 0.0010  memory: 3093  loss: 0.0673
2023/06/16 13:25:37 - mmengine - INFO - Epoch(val) [68][19/19]    accuracy/top1: 90.6355  data_time: 0.0637  time: 0.1566
2023/06/16 13:26:05 - mmengine - INFO - Exp name: resnet50_finetune_20230616_124324
2023/06/16 13:26:05 - mmengine - INFO - Epoch(train)  [69][91/91]  lr: 2.0000e-04  eta: 0:16:14  time: 0.3058  data_time: 0.0013  memory: 3093  loss: 0.0863
2023/06/16 13:26:09 - mmengine - INFO - Epoch(val) [69][19/19]    accuracy/top1: 90.8027  data_time: 0.0904  time: 0.1840
2023/06/16 13:26:38 - mmengine - INFO - Exp name: resnet50_finetune_20230616_124324
2023/06/16 13:26:38 - mmengine - INFO - Epoch(train)  [70][91/91]  lr: 2.0000e-04  eta: 0:15:42  time: 0.3051  data_time: 0.0010  memory: 3093  loss: 0.1039
2023/06/16 13:26:38 - mmengine - INFO - Saving checkpoint at 70 epochs
2023/06/16 13:26:44 - mmengine - INFO - Epoch(val) [70][19/19]    accuracy/top1: 91.1371  data_time: 0.1008  time: 0.1986
2023/06/16 13:27:13 - mmengine - INFO - Exp name: resnet50_finetune_20230616_124324
2023/06/16 13:27:13 - mmengine - INFO - Epoch(train)  [71][91/91]  lr: 2.0000e-04  eta: 0:15:09  time: 0.3052  data_time: 0.0010  memory: 3093  loss: 0.0913
2023/06/16 13:27:18 - mmengine - INFO - Epoch(val) [71][19/19]    accuracy/top1: 90.6355  data_time: 0.1453  time: 0.2424
2023/06/16 13:27:47 - mmengine - INFO - Exp name: resnet50_finetune_20230616_124324
2023/06/16 13:27:47 - mmengine - INFO - Epoch(train)  [72][91/91]  lr: 2.0000e-04  eta: 0:14:37  time: 0.3047  data_time: 0.0010  memory: 3093  loss: 0.0566
2023/06/16 13:27:52 - mmengine - INFO - Epoch(val) [72][19/19]    accuracy/top1: 90.8027  data_time: 0.1538  time: 0.2511
2023/06/16 13:28:22 - mmengine - INFO - Exp name: resnet50_finetune_20230616_124324
2023/06/16 13:28:22 - mmengine - INFO - Epoch(train)  [73][91/91]  lr: 2.0000e-04  eta: 0:14:05  time: 0.3049  data_time: 0.0008  memory: 3093  loss: 0.0822
2023/06/16 13:28:26 - mmengine - INFO - Epoch(val) [73][19/19]    accuracy/top1: 90.8027  data_time: 0.1197  time: 0.2186
2023/06/16 13:28:56 - mmengine - INFO - Exp name: resnet50_finetune_20230616_124324
2023/06/16 13:28:56 - mmengine - INFO - Epoch(train)  [74][91/91]  lr: 2.0000e-04  eta: 0:13:33  time: 0.3053  data_time: 0.0015  memory: 3093  loss: 0.0741
2023/06/16 13:28:59 - mmengine - INFO - Epoch(val) [74][19/19]    accuracy/top1: 90.8027  data_time: 0.0657  time: 0.1560
2023/06/16 13:29:29 - mmengine - INFO - Exp name: resnet50_finetune_20230616_124324
2023/06/16 13:29:29 - mmengine - INFO - Epoch(train)  [75][91/91]  lr: 2.0000e-04  eta: 0:13:01  time: 0.3042  data_time: 0.0007  memory: 3093  loss: 0.0498
2023/06/16 13:29:31 - mmengine - INFO - Epoch(val) [75][19/19]    accuracy/top1: 90.6355  data_time: 0.0541  time: 0.1467
2023/06/16 13:30:00 - mmengine - INFO - Exp name: resnet50_finetune_20230616_124324
2023/06/16 13:30:00 - mmengine - INFO - Epoch(train)  [76][91/91]  lr: 2.0000e-04  eta: 0:12:29  time: 0.3046  data_time: 0.0010  memory: 3093  loss: 0.0740
2023/06/16 13:30:03 - mmengine - INFO - Epoch(val) [76][19/19]    accuracy/top1: 90.6355  data_time: 0.0583  time: 0.1499
2023/06/16 13:30:30 - mmengine - INFO - Exp name: resnet50_finetune_20230616_124324
2023/06/16 13:30:32 - mmengine - INFO - Exp name: resnet50_finetune_20230616_124324
2023/06/16 13:30:32 - mmengine - INFO - Epoch(train)  [77][91/91]  lr: 2.0000e-04  eta: 0:11:57  time: 0.3042  data_time: 0.0010  memory: 3093  loss: 0.1012
2023/06/16 13:30:36 - mmengine - INFO - Epoch(val) [77][19/19]    accuracy/top1: 90.6355  data_time: 0.1256  time: 0.2210
2023/06/16 13:31:05 - mmengine - INFO - Exp name: resnet50_finetune_20230616_124324
2023/06/16 13:31:05 - mmengine - INFO - Epoch(train)  [78][91/91]  lr: 2.0000e-04  eta: 0:11:25  time: 0.3048  data_time: 0.0009  memory: 3093  loss: 0.0796
2023/06/16 13:31:10 - mmengine - INFO - Epoch(val) [78][19/19]    accuracy/top1: 90.3010  data_time: 0.1494  time: 0.2427
2023/06/16 13:31:39 - mmengine - INFO - Exp name: resnet50_finetune_20230616_124324
2023/06/16 13:31:39 - mmengine - INFO - Epoch(train)  [79][91/91]  lr: 2.0000e-04  eta: 0:10:54  time: 0.3041  data_time: 0.0007  memory: 3093  loss: 0.1087
2023/06/16 13:31:43 - mmengine - INFO - Epoch(val) [79][19/19]    accuracy/top1: 90.9699  data_time: 0.1086  time: 0.2056
2023/06/16 13:32:13 - mmengine - INFO - Exp name: resnet50_finetune_20230616_124324
2023/06/16 13:32:13 - mmengine - INFO - Epoch(train)  [80][91/91]  lr: 2.0000e-04  eta: 0:10:22  time: 0.3043  data_time: 0.0008  memory: 3093  loss: 0.0858
2023/06/16 13:32:13 - mmengine - INFO - Saving checkpoint at 80 epochs
2023/06/16 13:32:17 - mmengine - INFO - Epoch(val) [80][19/19]    accuracy/top1: 90.6355  data_time: 0.0513  time: 0.1460
2023/06/16 13:32:47 - mmengine - INFO - Exp name: resnet50_finetune_20230616_124324
2023/06/16 13:32:47 - mmengine - INFO - Epoch(train)  [81][91/91]  lr: 2.0000e-04  eta: 0:09:51  time: 0.3045  data_time: 0.0008  memory: 3093  loss: 0.0866
2023/06/16 13:32:50 - mmengine - INFO - Epoch(val) [81][19/19]    accuracy/top1: 90.8027  data_time: 0.0562  time: 0.1467
2023/06/16 13:33:19 - mmengine - INFO - Exp name: resnet50_finetune_20230616_124324
2023/06/16 13:33:19 - mmengine - INFO - Epoch(train)  [82][91/91]  lr: 2.0000e-04  eta: 0:09:19  time: 0.3041  data_time: 0.0008  memory: 3093  loss: 0.0887
2023/06/16 13:33:22 - mmengine - INFO - Epoch(val) [82][19/19]    accuracy/top1: 91.1371  data_time: 0.0519  time: 0.1409
2023/06/16 13:33:50 - mmengine - INFO - Exp name: resnet50_finetune_20230616_124324
2023/06/16 13:33:50 - mmengine - INFO - Epoch(train)  [83][91/91]  lr: 2.0000e-04  eta: 0:08:48  time: 0.3041  data_time: 0.0011  memory: 3093  loss: 0.0864
2023/06/16 13:33:54 - mmengine - INFO - Epoch(val) [83][19/19]    accuracy/top1: 90.3010  data_time: 0.0699  time: 0.1626
2023/06/16 13:34:22 - mmengine - INFO - Exp name: resnet50_finetune_20230616_124324
2023/06/16 13:34:22 - mmengine - INFO - Epoch(train)  [84][91/91]  lr: 2.0000e-04  eta: 0:08:16  time: 0.3046  data_time: 0.0010  memory: 3093  loss: 0.0837
2023/06/16 13:34:27 - mmengine - INFO - Epoch(val) [84][19/19]    accuracy/top1: 90.6355  data_time: 0.1207  time: 0.2171
2023/06/16 13:34:55 - mmengine - INFO - Exp name: resnet50_finetune_20230616_124324
2023/06/16 13:34:55 - mmengine - INFO - Epoch(train)  [85][91/91]  lr: 2.0000e-04  eta: 0:07:45  time: 0.3047  data_time: 0.0009  memory: 3093  loss: 0.0457
2023/06/16 13:35:00 - mmengine - INFO - Epoch(val) [85][19/19]    accuracy/top1: 90.8027  data_time: 0.1395  time: 0.2350
2023/06/16 13:35:29 - mmengine - INFO - Exp name: resnet50_finetune_20230616_124324
2023/06/16 13:35:29 - mmengine - INFO - Epoch(train)  [86][91/91]  lr: 2.0000e-04  eta: 0:07:13  time: 0.3046  data_time: 0.0008  memory: 3093  loss: 0.0837
2023/06/16 13:35:34 - mmengine - INFO - Epoch(val) [86][19/19]    accuracy/top1: 90.3010  data_time: 0.1512  time: 0.2447
2023/06/16 13:36:04 - mmengine - INFO - Exp name: resnet50_finetune_20230616_124324
2023/06/16 13:36:04 - mmengine - INFO - Epoch(train)  [87][91/91]  lr: 2.0000e-04  eta: 0:06:42  time: 0.3040  data_time: 0.0009  memory: 3093  loss: 0.1005
2023/06/16 13:36:06 - mmengine - INFO - Epoch(val) [87][19/19]    accuracy/top1: 90.1338  data_time: 0.0514  time: 0.1421
2023/06/16 13:36:33 - mmengine - INFO - Exp name: resnet50_finetune_20230616_124324
2023/06/16 13:36:35 - mmengine - INFO - Exp name: resnet50_finetune_20230616_124324
2023/06/16 13:36:35 - mmengine - INFO - Epoch(train)  [88][91/91]  lr: 2.0000e-04  eta: 0:06:11  time: 0.3049  data_time: 0.0009  memory: 3093  loss: 0.0804
2023/06/16 13:36:38 - mmengine - INFO - Epoch(val) [88][19/19]    accuracy/top1: 90.8027  data_time: 0.0565  time: 0.1461
2023/06/16 13:37:07 - mmengine - INFO - Exp name: resnet50_finetune_20230616_124324
2023/06/16 13:37:07 - mmengine - INFO - Epoch(train)  [89][91/91]  lr: 2.0000e-04  eta: 0:05:40  time: 0.3045  data_time: 0.0010  memory: 3093  loss: 0.0737
2023/06/16 13:37:10 - mmengine - INFO - Epoch(val) [89][19/19]    accuracy/top1: 90.1338  data_time: 0.0563  time: 0.1483
2023/06/16 13:37:39 - mmengine - INFO - Exp name: resnet50_finetune_20230616_124324
2023/06/16 13:37:39 - mmengine - INFO - Epoch(train)  [90][91/91]  lr: 2.0000e-04  eta: 0:05:08  time: 0.3050  data_time: 0.0009  memory: 3093  loss: 0.0674
2023/06/16 13:37:39 - mmengine - INFO - Saving checkpoint at 90 epochs
2023/06/16 13:37:44 - mmengine - INFO - Epoch(val) [90][19/19]    accuracy/top1: 90.6355  data_time: 0.0631  time: 0.1552
2023/06/16 13:38:13 - mmengine - INFO - Exp name: resnet50_finetune_20230616_124324
2023/06/16 13:38:13 - mmengine - INFO - Epoch(train)  [91][91/91]  lr: 2.0000e-05  eta: 0:04:37  time: 0.3051  data_time: 0.0009  memory: 3093  loss: 0.0957
2023/06/16 13:38:17 - mmengine - INFO - Epoch(val) [91][19/19]    accuracy/top1: 90.6355  data_time: 0.1055  time: 0.2006
2023/06/16 13:38:46 - mmengine - INFO - Exp name: resnet50_finetune_20230616_124324
2023/06/16 13:38:46 - mmengine - INFO - Epoch(train)  [92][91/91]  lr: 2.0000e-05  eta: 0:04:06  time: 0.3040  data_time: 0.0010  memory: 3093  loss: 0.1013
2023/06/16 13:38:50 - mmengine - INFO - Epoch(val) [92][19/19]    accuracy/top1: 90.4682  data_time: 0.1372  time: 0.2300
2023/06/16 13:39:19 - mmengine - INFO - Exp name: resnet50_finetune_20230616_124324
2023/06/16 13:39:19 - mmengine - INFO - Epoch(train)  [93][91/91]  lr: 2.0000e-05  eta: 0:03:35  time: 0.3050  data_time: 0.0009  memory: 3093  loss: 0.0774
2023/06/16 13:39:24 - mmengine - INFO - Epoch(val) [93][19/19]    accuracy/top1: 90.8027  data_time: 0.1370  time: 0.2338
2023/06/16 13:39:53 - mmengine - INFO - Exp name: resnet50_finetune_20230616_124324
2023/06/16 13:39:53 - mmengine - INFO - Epoch(train)  [94][91/91]  lr: 2.0000e-05  eta: 0:03:04  time: 0.3040  data_time: 0.0008  memory: 3093  loss: 0.1328
2023/06/16 13:39:57 - mmengine - INFO - Epoch(val) [94][19/19]    accuracy/top1: 90.8027  data_time: 0.1355  time: 0.2317
2023/06/16 13:40:28 - mmengine - INFO - Exp name: resnet50_finetune_20230616_124324
2023/06/16 13:40:28 - mmengine - INFO - Epoch(train)  [95][91/91]  lr: 2.0000e-05  eta: 0:02:34  time: 0.3047  data_time: 0.0009  memory: 3093  loss: 0.0741
2023/06/16 13:40:30 - mmengine - INFO - Epoch(val) [95][19/19]    accuracy/top1: 90.9699  data_time: 0.0497  time: 0.1419
2023/06/16 13:40:59 - mmengine - INFO - Exp name: resnet50_finetune_20230616_124324
2023/06/16 13:40:59 - mmengine - INFO - Epoch(train)  [96][91/91]  lr: 2.0000e-05  eta: 0:02:03  time: 0.3046  data_time: 0.0008  memory: 3093  loss: 0.0761
2023/06/16 13:41:02 - mmengine - INFO - Epoch(val) [96][19/19]    accuracy/top1: 90.3010  data_time: 0.0565  time: 0.1468
2023/06/16 13:41:31 - mmengine - INFO - Exp name: resnet50_finetune_20230616_124324
2023/06/16 13:41:31 - mmengine - INFO - Epoch(train)  [97][91/91]  lr: 2.0000e-05  eta: 0:01:32  time: 0.3047  data_time: 0.0010  memory: 3093  loss: 0.0915
2023/06/16 13:41:34 - mmengine - INFO - Epoch(val) [97][19/19]    accuracy/top1: 90.8027  data_time: 0.0740  time: 0.1642
2023/06/16 13:42:03 - mmengine - INFO - Exp name: resnet50_finetune_20230616_124324
2023/06/16 13:42:03 - mmengine - INFO - Epoch(train)  [98][91/91]  lr: 2.0000e-05  eta: 0:01:01  time: 0.3050  data_time: 0.0010  memory: 3093  loss: 0.1356
2023/06/16 13:42:07 - mmengine - INFO - Epoch(val) [98][19/19]    accuracy/top1: 90.3010  data_time: 0.1291  time: 0.2228
2023/06/16 13:42:34 - mmengine - INFO - Exp name: resnet50_finetune_20230616_124324
2023/06/16 13:42:36 - mmengine - INFO - Exp name: resnet50_finetune_20230616_124324
2023/06/16 13:42:36 - mmengine - INFO - Epoch(train)  [99][91/91]  lr: 2.0000e-05  eta: 0:00:30  time: 0.3044  data_time: 0.0010  memory: 3093  loss: 0.0938
2023/06/16 13:42:41 - mmengine - INFO - Epoch(val) [99][19/19]    accuracy/top1: 90.4682  data_time: 0.1334  time: 0.2270
2023/06/16 13:43:10 - mmengine - INFO - Exp name: resnet50_finetune_20230616_124324
2023/06/16 13:43:10 - mmengine - INFO - Epoch(train) [100][91/91]  lr: 2.0000e-05  eta: 0:00:00  time: 0.3039  data_time: 0.0009  memory: 3093  loss: 0.0817
2023/06/16 13:43:10 - mmengine - INFO - Saving checkpoint at 100 epochs
2023/06/16 13:43:16 - mmengine - INFO - Epoch(val) [100][19/19]    accuracy/top1: 90.6355  data_time: 0.1217  time: 0.2224
